<?xml version="1.0" encoding="UTF-8"?>
<!-- Generated by org.testng.reporters.JUnitXMLReporter -->
<testsuite ignored="0" hostname="VaishaliUshir" failures="0" tests="1" name="Test1" time="0.031" errors="0" timestamp="2022-10-09T12:46:47 IST">
  <testcase classname="com.utility.Baseclass" name="@BeforeSuite Baseclass1" time="2.547">
    <failure type="java.lang.StackOverflowError">
      <![CDATA[java.lang.StackOverflowError
at java.base/java.io.File.<init>(File.java:280)
at java.base/java.io.FileInputStream.<init>(FileInputStream.java:111)
at com.utility.configDataProvider.<init>(configDataProvider.java:11)
at com.utility.configDataProvider.<init>(configDataProvider.java:12)
at com.utility.configDataProvider.<init>(configDataProvider.java:12)
at com.utility.configDataProvider.<init>(configDataProvider.java:12)
at com.utility.configDataProvider.<init>(configDataProvider.java:12)
at com.utility.configDataProvider.<init>(configDataProvider.java:12)
at com.utility.configDataProvider.<init>(configDataProvider.java:12)
at com.utility.configDataProvider.<init>(configDataProvider.java:12)
at com.utility.configDataProvider.<init>(configDataProvider.java:12)
at com.utility.configDataProvider.<init>(configDataProvider.java:12)
at com.utility.configDataProvider.<init>(configDataProvider.java:12)
at com.utility.configDataProvider.<init>(configDataProvider.java:12)
at com.utility.configDataProvider.<init>(configDataProvider.java:12)
at com.utility.configDataProvider.<init>(configDataProvider.java:12)
at com.utility.configDataProvider.<init>(configDataProvider.java:12)
at com.utility.configDataProvider.<init>(configDataProvider.java:12)
at com.utility.configDataProvider.<init>(configDataProvider.java:12)
at com.utility.configDataProvider.<init>(configDataProvider.java:12)
at com.utility.configDataProvider.<init>(configDataProvider.java:12)
at com.utility.configDataProvider.<init>(configDataProvider.java:12)
at com.utility.configDataProvider.<init>(configDataProvider.java:12)
at com.utility.configDataProvider.<init>(configDataProvider.java:12)
at com.utility.configDataProvider.<init>(configDataProvider.java:12)
at com.utility.configDataProvider.<init>(configDataProvider.java:12)
at com.utility.configDataProvider.<init>(configDataProvider.java:12)
at com.utility.configDataProvider.<init>(configDataProvider.java:12)
at com.utility.configDataProvider.<init>(configDataProvider.java:12)
at com.utility.configDataProvider.<init>(configDataProvider.java:12)
at com.utility.configDataProvider.<init>(configDataProvider.java:12)
at com.utility.configDataProvider.<init>(configDataProvider.java:12)
at com.utility.configDataProvider.<init>(configDataProvider.java:12)
at com.utility.configDataProvider.<init>(configDataProvider.java:12)
at com.utility.configDataProvider.<init>(configDataProvider.java:12)
at com.utility.configDataProvider.<init>(configDataProvider.java:12)
at com.utility.configDataProvider.<init>(configDataProvider.java:12)
at com.utility.configDataProvider.<init>(configDataProvider.java:12)
at com.utility.configDataProvider.<init>(configDataProvider.java:12)
at com.utility.configDataProvider.<init>(configDataProvider.java:12)
at com.utility.configDataProvider.<init>(configDataProvider.java:12)
at com.utility.configDataProvider.<init>(configDataProvider.java:12)
at com.utility.configDataProvider.<init>(configDataProvider.java:12)
at com.utility.configDataProvider.<init>(configDataProvider.java:12)
at com.utility.configDataProvider.<init>(configDataProvider.java:12)
at com.utility.configDataProvider.<init>(configDataProvider.java:12)
at com.utility.configDataProvider.<init>(configDataProvider.java:12)
at com.utility.configDataProvider.<init>(configDataProvider.java:12)
at com.utility.configDataProvider.<init>(configDataProvider.java:12)
at com.utility.configDataProvider.<init>(configDataProvider.java:12)
at com.utility.configDataProvider.<init>(configDataProvider.java:12)
at com.utility.configDataProvider.<init>(configDataProvider.java:12)
at com.utility.configDataProvider.<init>(configDataProvider.java:12)
at com.utility.configDataProvider.<init>(configDataProvider.java:12)
at com.utility.configDataProvider.<init>(configDataProvider.java:12)
at com.utility.configDataProvider.<init>(configDataProvider.java:12)
at com.utility.configDataProvider.<init>(configDataProvider.java:12)
at com.utility.configDataProvider.<init>(configDataProvider.java:12)
at com.utility.configDataProvider.<init>(configDataProvider.java:12)
at com.utility.configDataProvider.<init>(configDataProvider.java:12)
at com.utility.configDataProvider.<init>(configDataProvider.java:12)
at com.utility.configDataProvider.<init>(configDataProvider.java:12)
at com.utility.configDataProvider.<init>(configDataProvider.java:12)
at com.utility.configDataProvider.<init>(configDataProvider.java:12)
at com.utility.configDataProvider.<init>(configDataProvider.java:12)
at com.utility.configDataProvider.<init>(configDataProvider.java:12)
at com.utility.configDataProvider.<init>(configDataProvider.java:12)
at com.utility.configDataProvider.<init>(configDataProvider.java:12)
at com.utility.configDataProvider.<init>(configDataProvider.java:12)
at com.utility.configDataProvider.<init>(configDataProvider.java:12)
at com.utility.configDataProvider.<init>(configDataProvider.java:12)
at com.utility.configDataProvider.<init>(configDataProvider.java:12)
at com.utility.configDataProvider.<init>(configDataProvider.java:12)
at com.utility.configDataProvider.<init>(configDataProvider.java:12)
at com.utility.configDataProvider.<init>(configDataProvider.java:12)
at com.utility.configDataProvider.<init>(configDataProvider.java:12)
at com.utility.configDataProvider.<init>(configDataProvider.java:12)
at com.utility.configDataProvider.<init>(configDataProvider.java:12)
at com.utility.configDataProvider.<init>(configDataProvider.java:12)
at com.utility.configDataProvider.<init>(configDataProvider.java:12)
at com.utility.configDataProvider.<init>(configDataProvider.java:12)
at com.utility.configDataProvider.<init>(configDataProvider.java:12)
at com.utility.configDataProvider.<init>(configDataProvider.java:12)
at com.utility.configDataProvider.<init>(configDataProvider.java:12)
at com.utility.configDataProvider.<init>(configDataProvider.java:12)
at com.utility.configDataProvider.<init>(configDataProvider.java:12)
at com.utility.configDataProvider.<init>(configDataProvider.java:12)
at com.utility.configDataProvider.<init>(configDataProvider.java:12)
at com.utility.configDataProvider.<init>(configDataProvider.java:12)
at com.utility.configDataProvider.<init>(configDataProvider.java:12)
at com.utility.configDataProvider.<init>(configDataProvider.java:12)
at com.utility.configDataProvider.<init>(configDataProvider.java:12)
at com.utility.configDataProvider.<init>(configDataProvider.java:12)
at com.utility.configDataProvider.<init>(configDataProvider.java:12)
at com.utility.configDataProvider.<init>(configDataProvider.java:12)
at com.utility.configDataProvider.<init>(configDataProvider.java:12)
at com.utility.configDataProvider.<init>(configDataProvider.java:12)
at com.utility.configDataProvider.<init>(configDataProvider.java:12)
at com.utility.configDataProvider.<init>(configDataProvider.java:12)
at com.utility.configDataProvider.<init>(configDataProvider.java:12)
at com.utility.configDataProvider.<init>(configDataProvider.java:12)
at com.utility.configDataProvider.<init>(configDataProvider.java:12)
at com.utility.configDataProvider.<init>(configDataProvider.java:12)
at com.utility.configDataProvider.<init>(configDataProvider.java:12)
at com.utility.configDataProvider.<init>(configDataProvider.java:12)
at com.utility.configDataProvider.<init>(configDataProvider.java:12)
at com.utility.configDataProvider.<init>(configDataProvider.java:12)
at com.utility.configDataProvider.<init>(configDataProvider.java:12)
at com.utility.configDataProvider.<init>(configDataProvider.java:12)
at com.utility.configDataProvider.<init>(configDataProvider.java:12)
at com.utility.configDataProvider.<init>(configDataProvider.java:12)
at com.utility.configDataProvider.<init>(configDataProvider.java:12)
at com.utility.configDataProvider.<init>(configDataProvider.java:12)
at com.utility.configDataProvider.<init>(configDataProvider.java:12)
at com.utility.configDataProvider.<init>(configDataProvider.java:12)
at com.utility.configDataProvider.<init>(configDataProvider.java:12)
at com.utility.configDataProvider.<init>(configDataProvider.java:12)
at com.utility.configDataProvider.<init>(configDataProvider.java:12)
at com.utility.configDataProvider.<init>(configDataProvider.java:12)
at com.utility.configDataProvider.<init>(configDataProvider.java:12)
at com.utility.configDataProvider.<init>(configDataProvider.java:12)
at com.utility.configDataProvider.<init>(configDataProvider.java:12)
at com.utility.configDataProvider.<init>(configDataProvider.java:12)
at com.utility.configDataProvider.<init>(configDataProvider.java:12)
at com.utility.configDataProvider.<init>(configDataProvider.java:12)
at com.utility.configDataProvider.<init>(configDataProvider.java:12)
at com.utility.configDataProvider.<init>(configDataProvider.java:12)
at com.utility.configDataProvider.<init>(configDataProvider.java:12)
at com.utility.configDataProvider.<init>(configDataProvider.java:12)
at com.utility.configDataProvider.<init>(configDataProvider.java:12)
at com.utility.configDataProvider.<init>(configDataProvider.java:12)
at com.utility.configDataProvider.<init>(configDataProvider.java:12)
at com.utility.configDataProvider.<init>(configDataProvider.java:12)
at com.utility.configDataProvider.<init>(configDataProvider.java:12)
at com.utility.configDataProvider.<init>(configDataProvider.java:12)
at com.utility.configDataProvider.<init>(configDataProvider.java:12)
at com.utility.configDataProvider.<init>(configDataProvider.java:12)
at com.utility.configDataProvider.<init>(configDataProvider.java:12)
at com.utility.configDataProvider.<init>(configDataProvider.java:12)
at com.utility.configDataProvider.<init>(configDataProvider.java:12)
at com.utility.configDataProvider.<init>(configDataProvider.java:12)
at com.utility.configDataProvider.<init>(configDataProvider.java:12)
at com.utility.configDataProvider.<init>(configDataProvider.java:12)
at com.utility.configDataProvider.<init>(configDataProvider.java:12)
at com.utility.configDataProvider.<init>(configDataProvider.java:12)
at com.utility.configDataProvider.<init>(configDataProvider.java:12)
at com.utility.configDataProvider.<init>(configDataProvider.java:12)
at com.utility.configDataProvider.<init>(configDataProvider.java:12)
at com.utility.configDataProvider.<init>(configDataProvider.java:12)
at com.utility.configDataProvider.<init>(configDataProvider.java:12)
at com.utility.configDataProvider.<init>(configDataProvider.java:12)
at com.utility.configDataProvider.<init>(configDataProvider.java:12)
at com.utility.configDataProvider.<init>(configDataProvider.java:12)
at com.utility.configDataProvider.<init>(configDataProvider.java:12)
at com.utility.configDataProvider.<init>(configDataProvider.java:12)
at com.utility.configDataProvider.<init>(configDataProvider.java:12)
at com.utility.configDataProvider.<init>(configDataProvider.java:12)
at com.utility.configDataProvider.<init>(configDataProvider.java:12)
at com.utility.configDataProvider.<init>(configDataProvider.java:12)
at com.utility.configDataProvider.<init>(configDataProvider.java:12)
at com.utility.configDataProvider.<init>(configDataProvider.java:12)
at com.utility.configDataProvider.<init>(configDataProvider.java:12)
at com.utility.configDataProvider.<init>(configDataProvider.java:12)
at com.utility.configDataProvider.<init>(configDataProvider.java:12)
at com.utility.configDataProvider.<init>(configDataProvider.java:12)
at com.utility.configDataProvider.<init>(configDataProvider.java:12)
at com.utility.configDataProvider.<init>(configDataProvider.java:12)
at com.utility.configDataProvider.<init>(configDataProvider.java:12)
at com.utility.configDataProvider.<init>(configDataProvider.java:12)
at com.utility.configDataProvider.<init>(configDataProvider.java:12)
at com.utility.configDataProvider.<init>(configDataProvider.java:12)
at com.utility.configDataProvider.<init>(configDataProvider.java:12)
at com.utility.configDataProvider.<init>(configDataProvider.java:12)
at com.utility.configDataProvider.<init>(configDataProvider.java:12)
at com.utility.configDataProvider.<init>(configDataProvider.java:12)
at com.utility.configDataProvider.<init>(configDataProvider.java:12)
at com.utility.configDataProvider.<init>(configDataProvider.java:12)
at com.utility.configDataProvider.<init>(configDataProvider.java:12)
at com.utility.configDataProvider.<init>(configDataProvider.java:12)
at com.utility.configDataProvider.<init>(configDataProvider.java:12)
at com.utility.configDataProvider.<init>(configDataProvider.java:12)
at com.utility.configDataProvider.<init>(configDataProvider.java:12)
at com.utility.configDataProvider.<init>(configDataProvider.java:12)
at com.utility.configDataProvider.<init>(configDataProvider.java:12)
at com.utility.configDataProvider.<init>(configDataProvider.java:12)
at com.utility.configDataProvider.<init>(configDataProvider.java:12)
at com.utility.configDataProvider.<init>(configDataProvider.java:12)
at com.utility.configDataProvider.<init>(configDataProvider.java:12)
at com.utility.configDataProvider.<init>(configDataProvider.java:12)
at com.utility.configDataProvider.<init>(configDataProvider.java:12)
at com.utility.configDataProvider.<init>(configDataProvider.java:12)
at com.utility.configDataProvider.<init>(configDataProvider.java:12)
at com.utility.configDataProvider.<init>(configDataProvider.java:12)
at com.utility.configDataProvider.<init>(configDataProvider.java:12)
at com.utility.configDataProvider.<init>(configDataProvider.java:12)
at com.utility.configDataProvider.<init>(configDataProvider.java:12)
at com.utility.configDataProvider.<init>(configDataProvider.java:12)
at com.utility.configDataProvider.<init>(configDataProvider.java:12)
at com.utility.configDataProvider.<init>(configDataProvider.java:12)
at com.utility.configDataProvider.<init>(configDataProvider.java:12)
at com.utility.configDataProvider.<init>(configDataProvider.java:12)
at com.utility.configDataProvider.<init>(configDataProvider.java:12)
at com.utility.configDataProvider.<init>(configDataProvider.java:12)
at com.utility.configDataProvider.<init>(configDataProvider.java:12)
at com.utility.configDataProvider.<init>(configDataProvider.java:12)
at com.utility.configDataProvider.<init>(configDataProvider.java:12)
at com.utility.configDataProvider.<init>(configDataProvider.java:12)
at com.utility.configDataProvider.<init>(configDataProvider.java:12)
at com.utility.configDataProvider.<init>(configDataProvider.java:12)
at com.utility.configDataProvider.<init>(configDataProvider.java:12)
at com.utility.configDataProvider.<init>(configDataProvider.java:12)
at com.utility.configDataProvider.<init>(configDataProvider.java:12)
at com.utility.configDataProvider.<init>(configDataProvider.java:12)
at com.utility.configDataProvider.<init>(configDataProvider.java:12)
at com.utility.configDataProvider.<init>(configDataProvider.java:12)
at com.utility.configDataProvider.<init>(configDataProvider.java:12)
at com.utility.configDataProvider.<init>(configDataProvider.java:12)
at com.utility.configDataProvider.<init>(configDataProvider.java:12)
at com.utility.configDataProvider.<init>(configDataProvider.java:12)
at com.utility.configDataProvider.<init>(configDataProvider.java:12)
at com.utility.configDataProvider.<init>(configDataProvider.java:12)
at com.utility.configDataProvider.<init>(configDataProvider.java:12)
at com.utility.configDataProvider.<init>(configDataProvider.java:12)
at com.utility.configDataProvider.<init>(configDataProvider.java:12)
at com.utility.configDataProvider.<init>(configDataProvider.java:12)
at com.utility.configDataProvider.<init>(configDataProvider.java:12)
at com.utility.configDataProvider.<init>(configDataProvider.java:12)
at com.utility.configDataProvider.<init>(configDataProvider.java:12)
at com.utility.configDataProvider.<init>(configDataProvider.java:12)
at com.utility.configDataProvider.<init>(configDataProvider.java:12)
at com.utility.configDataProvider.<init>(configDataProvider.java:12)
at com.utility.configDataProvider.<init>(configDataProvider.java:12)
at com.utility.configDataProvider.<init>(configDataProvider.java:12)
at com.utility.configDataProvider.<init>(configDataProvider.java:12)
at com.utility.configDataProvider.<init>(configDataProvider.java:12)
at com.utility.configDataProvider.<init>(configDataProvider.java:12)
at com.utility.configDataProvider.<init>(configDataProvider.java:12)
at com.utility.configDataProvider.<init>(configDataProvider.java:12)
at com.utility.configDataProvider.<init>(configDataProvider.java:12)
at com.utility.configDataProvider.<init>(configDataProvider.java:12)
at com.utility.configDataProvider.<init>(configDataProvider.java:12)
at com.utility.configDataProvider.<init>(configDataProvider.java:12)
at com.utility.configDataProvider.<init>(configDataProvider.java:12)
at com.utility.configDataProvider.<init>(configDataProvider.java:12)
at com.utility.configDataProvider.<init>(configDataProvider.java:12)
at com.utility.configDataProvider.<init>(configDataProvider.java:12)
at com.utility.configDataProvider.<init>(configDataProvider.java:12)
at com.utility.configDataProvider.<init>(configDataProvider.java:12)
at com.utility.configDataProvider.<init>(configDataProvider.java:12)
at com.utility.configDataProvider.<init>(configDataProvider.java:12)
at com.utility.configDataProvider.<init>(configDataProvider.java:12)
at com.utility.configDataProvider.<init>(configDataProvider.java:12)
at com.utility.configDataProvider.<init>(configDataProvider.java:12)
at com.utility.configDataProvider.<init>(configDataProvider.java:12)
at com.utility.configDataProvider.<init>(configDataProvider.java:12)
at com.utility.configDataProvider.<init>(configDataProvider.java:12)
at com.utility.configDataProvider.<init>(configDataProvider.java:12)
at com.utility.configDataProvider.<init>(configDataProvider.java:12)
at com.utility.configDataProvider.<init>(configDataProvider.java:12)
at com.utility.configDataProvider.<init>(configDataProvider.java:12)
at com.utility.configDataProvider.<init>(configDataProvider.java:12)
at com.utility.configDataProvider.<init>(configDataProvider.java:12)
at com.utility.configDataProvider.<init>(configDataProvider.java:12)
at com.utility.configDataProvider.<init>(configDataProvider.java:12)
at com.utility.configDataProvider.<init>(configDataProvider.java:12)
at com.utility.configDataProvider.<init>(configDataProvider.java:12)
at com.utility.configDataProvider.<init>(configDataProvider.java:12)
at com.utility.configDataProvider.<init>(configDataProvider.java:12)
at com.utility.configDataProvider.<init>(configDataProvider.java:12)
at com.utility.configDataProvider.<init>(configDataProvider.java:12)
at com.utility.configDataProvider.<init>(configDataProvider.java:12)
at com.utility.configDataProvider.<init>(configDataProvider.java:12)
at com.utility.configDataProvider.<init>(configDataProvider.java:12)
at com.utility.configDataProvider.<init>(configDataProvider.java:12)
at com.utility.configDataProvider.<init>(configDataProvider.java:12)
at com.utility.configDataProvider.<init>(configDataProvider.java:12)
at com.utility.configDataProvider.<init>(configDataProvider.java:12)
at com.utility.configDataProvider.<init>(configDataProvider.java:12)
at com.utility.configDataProvider.<init>(configDataProvider.java:12)
at com.utility.configDataProvider.<init>(configDataProvider.java:12)
at com.utility.configDataProvider.<init>(configDataProvider.java:12)
at com.utility.configDataProvider.<init>(configDataProvider.java:12)
at com.utility.configDataProvider.<init>(configDataProvider.java:12)
at com.utility.configDataProvider.<init>(configDataProvider.java:12)
at com.utility.configDataProvider.<init>(configDataProvider.java:12)
at com.utility.configDataProvider.<init>(configDataProvider.java:12)
at com.utility.configDataProvider.<init>(configDataProvider.java:12)
at com.utility.configDataProvider.<init>(configDataProvider.java:12)
at com.utility.configDataProvider.<init>(configDataProvider.java:12)
at com.utility.configDataProvider.<init>(configDataProvider.java:12)
at com.utility.configDataProvider.<init>(configDataProvider.java:12)
at com.utility.configDataProvider.<init>(configDataProvider.java:12)
at com.utility.configDataProvider.<init>(configDataProvider.java:12)
at com.utility.configDataProvider.<init>(configDataProvider.java:12)
at com.utility.configDataProvider.<init>(configDataProvider.java:12)
at com.utility.configDataProvider.<init>(configDataProvider.java:12)
at com.utility.configDataProvider.<init>(configDataProvider.java:12)
at com.utility.configDataProvider.<init>(configDataProvider.java:12)
at com.utility.configDataProvider.<init>(configDataProvider.java:12)
at com.utility.configDataProvider.<init>(configDataProvider.java:12)
at com.utility.configDataProvider.<init>(configDataProvider.java:12)
at com.utility.configDataProvider.<init>(configDataProvider.java:12)
at com.utility.configDataProvider.<init>(configDataProvider.java:12)
at com.utility.configDataProvider.<init>(configDataProvider.java:12)
at com.utility.configDataProvider.<init>(configDataProvider.java:12)
at com.utility.configDataProvider.<init>(configDataProvider.java:12)
at com.utility.configDataProvider.<init>(configDataProvider.java:12)
at com.utility.configDataProvider.<init>(configDataProvider.java:12)
at com.utility.configDataProvider.<init>(configDataProvider.java:12)
at com.utility.configDataProvider.<init>(configDataProvider.java:12)
at com.utility.configDataProvider.<init>(configDataProvider.java:12)
at com.utility.configDataProvider.<init>(configDataProvider.java:12)
at com.utility.configDataProvider.<init>(configDataProvider.java:12)
at com.utility.configDataProvider.<init>(configDataProvider.java:12)
at com.utility.configDataProvider.<init>(configDataProvider.java:12)
at com.utility.configDataProvider.<init>(configDataProvider.java:12)
at com.utility.configDataProvider.<init>(configDataProvider.java:12)
at com.utility.configDataProvider.<init>(configDataProvider.java:12)
at com.utility.configDataProvider.<init>(configDataProvider.java:12)
at com.utility.configDataProvider.<init>(configDataProvider.java:12)
at com.utility.configDataProvider.<init>(configDataProvider.java:12)
at com.utility.configDataProvider.<init>(configDataProvider.java:12)
at com.utility.configDataProvider.<init>(configDataProvider.java:12)
at com.utility.configDataProvider.<init>(configDataProvider.java:12)
at com.utility.configDataProvider.<init>(configDataProvider.java:12)
at com.utility.configDataProvider.<init>(configDataProvider.java:12)
at com.utility.configDataProvider.<init>(configDataProvider.java:12)
at com.utility.configDataProvider.<init>(configDataProvider.java:12)
at com.utility.configDataProvider.<init>(configDataProvider.java:12)
at com.utility.configDataProvider.<init>(configDataProvider.java:12)
at com.utility.configDataProvider.<init>(configDataProvider.java:12)
at com.utility.configDataProvider.<init>(configDataProvider.java:12)
at com.utility.configDataProvider.<init>(configDataProvider.java:12)
at com.utility.configDataProvider.<init>(configDataProvider.java:12)
at com.utility.configDataProvider.<init>(configDataProvider.java:12)
at com.utility.configDataProvider.<init>(configDataProvider.java:12)
at com.utility.configDataProvider.<init>(configDataProvider.java:12)
at com.utility.configDataProvider.<init>(configDataProvider.java:12)
at com.utility.configDataProvider.<init>(configDataProvider.java:12)
at com.utility.configDataProvider.<init>(configDataProvider.java:12)
at com.utility.configDataProvider.<init>(configDataProvider.java:12)
at com.utility.configDataProvider.<init>(configDataProvider.java:12)
at com.utility.configDataProvider.<init>(configDataProvider.java:12)
at com.utility.configDataProvider.<init>(configDataProvider.java:12)
at com.utility.configDataProvider.<init>(configDataProvider.java:12)
at com.utility.configDataProvider.<init>(configDataProvider.java:12)
at com.utility.configDataProvider.<init>(configDataProvider.java:12)
at com.utility.configDataProvider.<init>(configDataProvider.java:12)
at com.utility.configDataProvider.<init>(configDataProvider.java:12)
at com.utility.configDataProvider.<init>(configDataProvider.java:12)
at com.utility.configDataProvider.<init>(configDataProvider.java:12)
at com.utility.configDataProvider.<init>(configDataProvider.java:12)
at com.utility.configDataProvider.<init>(configDataProvider.java:12)
at com.utility.configDataProvider.<init>(configDataProvider.java:12)
at com.utility.configDataProvider.<init>(configDataProvider.java:12)
at com.utility.configDataProvider.<init>(configDataProvider.java:12)
at com.utility.configDataProvider.<init>(configDataProvider.java:12)
at com.utility.configDataProvider.<init>(configDataProvider.java:12)
at com.utility.configDataProvider.<init>(configDataProvider.java:12)
at com.utility.configDataProvider.<init>(configDataProvider.java:12)
at com.utility.configDataProvider.<init>(configDataProvider.java:12)
at com.utility.configDataProvider.<init>(configDataProvider.java:12)
at com.utility.configDataProvider.<init>(configDataProvider.java:12)
at com.utility.configDataProvider.<init>(configDataProvider.java:12)
at com.utility.configDataProvider.<init>(configDataProvider.java:12)
at com.utility.configDataProvider.<init>(configDataProvider.java:12)
at com.utility.configDataProvider.<init>(configDataProvider.java:12)
at com.utility.configDataProvider.<init>(configDataProvider.java:12)
at com.utility.configDataProvider.<init>(configDataProvider.java:12)
at com.utility.configDataProvider.<init>(configDataProvider.java:12)
at com.utility.configDataProvider.<init>(configDataProvider.java:12)
at com.utility.configDataProvider.<init>(configDataProvider.java:12)
at com.utility.configDataProvider.<init>(configDataProvider.java:12)
at com.utility.configDataProvider.<init>(configDataProvider.java:12)
at com.utility.configDataProvider.<init>(configDataProvider.java:12)
at com.utility.configDataProvider.<init>(configDataProvider.java:12)
at com.utility.configDataProvider.<init>(configDataProvider.java:12)
at com.utility.configDataProvider.<init>(configDataProvider.java:12)
at com.utility.configDataProvider.<init>(configDataProvider.java:12)
at com.utility.configDataProvider.<init>(configDataProvider.java:12)
at com.utility.configDataProvider.<init>(configDataProvider.java:12)
at com.utility.configDataProvider.<init>(configDataProvider.java:12)
at com.utility.configDataProvider.<init>(configDataProvider.java:12)
at com.utility.configDataProvider.<init>(configDataProvider.java:12)
at com.utility.configDataProvider.<init>(configDataProvider.java:12)
at com.utility.configDataProvider.<init>(configDataProvider.java:12)
at com.utility.configDataProvider.<init>(configDataProvider.java:12)
at com.utility.configDataProvider.<init>(configDataProvider.java:12)
at com.utility.configDataProvider.<init>(configDataProvider.java:12)
at com.utility.configDataProvider.<init>(configDataProvider.java:12)
at com.utility.configDataProvider.<init>(configDataProvider.java:12)
at com.utility.configDataProvider.<init>(configDataProvider.java:12)
at com.utility.configDataProvider.<init>(configDataProvider.java:12)
at com.utility.configDataProvider.<init>(configDataProvider.java:12)
at com.utility.configDataProvider.<init>(configDataProvider.java:12)
at com.utility.configDataProvider.<init>(configDataProvider.java:12)
at com.utility.configDataProvider.<init>(configDataProvider.java:12)
at com.utility.configDataProvider.<init>(configDataProvider.java:12)
at com.utility.configDataProvider.<init>(configDataProvider.java:12)
at com.utility.configDataProvider.<init>(configDataProvider.java:12)
at com.utility.configDataProvider.<init>(configDataProvider.java:12)
at com.utility.configDataProvider.<init>(configDataProvider.java:12)
at com.utility.configDataProvider.<init>(configDataProvider.java:12)
at com.utility.configDataProvider.<init>(configDataProvider.java:12)
at com.utility.configDataProvider.<init>(configDataProvider.java:12)
at com.utility.configDataProvider.<init>(configDataProvider.java:12)
at com.utility.configDataProvider.<init>(configDataProvider.java:12)
at com.utility.configDataProvider.<init>(configDataProvider.java:12)
at com.utility.configDataProvider.<init>(configDataProvider.java:12)
at com.utility.configDataProvider.<init>(configDataProvider.java:12)
at com.utility.configDataProvider.<init>(configDataProvider.java:12)
at com.utility.configDataProvider.<init>(configDataProvider.java:12)
at com.utility.configDataProvider.<init>(configDataProvider.java:12)
at com.utility.configDataProvider.<init>(configDataProvider.java:12)
at com.utility.configDataProvider.<init>(configDataProvider.java:12)
at com.utility.configDataProvider.<init>(configDataProvider.java:12)
at com.utility.configDataProvider.<init>(configDataProvider.java:12)
at com.utility.configDataProvider.<init>(configDataProvider.java:12)
at com.utility.configDataProvider.<init>(configDataProvider.java:12)
at com.utility.configDataProvider.<init>(configDataProvider.java:12)
at com.utility.configDataProvider.<init>(configDataProvider.java:12)
at com.utility.configDataProvider.<init>(configDataProvider.java:12)
at com.utility.configDataProvider.<init>(configDataProvider.java:12)
at com.utility.configDataProvider.<init>(configDataProvider.java:12)
at com.utility.configDataProvider.<init>(configDataProvider.java:12)
at com.utility.configDataProvider.<init>(configDataProvider.java:12)
at com.utility.configDataProvider.<init>(configDataProvider.java:12)
at com.utility.configDataProvider.<init>(configDataProvider.java:12)
at com.utility.configDataProvider.<init>(configDataProvider.java:12)
at com.utility.configDataProvider.<init>(configDataProvider.java:12)
at com.utility.configDataProvider.<init>(configDataProvider.java:12)
at com.utility.configDataProvider.<init>(configDataProvider.java:12)
at com.utility.configDataProvider.<init>(configDataProvider.java:12)
at com.utility.configDataProvider.<init>(configDataProvider.java:12)
at com.utility.configDataProvider.<init>(configDataProvider.java:12)
at com.utility.configDataProvider.<init>(configDataProvider.java:12)
at com.utility.configDataProvider.<init>(configDataProvider.java:12)
at com.utility.configDataProvider.<init>(configDataProvider.java:12)
at com.utility.configDataProvider.<init>(configDataProvider.java:12)
at com.utility.configDataProvider.<init>(configDataProvider.java:12)
at com.utility.configDataProvider.<init>(configDataProvider.java:12)
at com.utility.configDataProvider.<init>(configDataProvider.java:12)
at com.utility.configDataProvider.<init>(configDataProvider.java:12)
at com.utility.configDataProvider.<init>(configDataProvider.java:12)
at com.utility.configDataProvider.<init>(configDataProvider.java:12)
at com.utility.configDataProvider.<init>(configDataProvider.java:12)
at com.utility.configDataProvider.<init>(configDataProvider.java:12)
at com.utility.configDataProvider.<init>(configDataProvider.java:12)
at com.utility.configDataProvider.<init>(configDataProvider.java:12)
at com.utility.configDataProvider.<init>(configDataProvider.java:12)
at com.utility.configDataProvider.<init>(configDataProvider.java:12)
at com.utility.configDataProvider.<init>(configDataProvider.java:12)
at com.utility.configDataProvider.<init>(configDataProvider.java:12)
at com.utility.configDataProvider.<init>(configDataProvider.java:12)
at com.utility.configDataProvider.<init>(configDataProvider.java:12)
at com.utility.configDataProvider.<init>(configDataProvider.java:12)
at com.utility.configDataProvider.<init>(configDataProvider.java:12)
at com.utility.configDataProvider.<init>(configDataProvider.java:12)
at com.utility.configDataProvider.<init>(configDataProvider.java:12)
at com.utility.configDataProvider.<init>(configDataProvider.java:12)
at com.utility.configDataProvider.<init>(configDataProvider.java:12)
at com.utility.configDataProvider.<init>(configDataProvider.java:12)
at com.utility.configDataProvider.<init>(configDataProvider.java:12)
at com.utility.configDataProvider.<init>(configDataProvider.java:12)
at com.utility.configDataProvider.<init>(configDataProvider.java:12)
at com.utility.configDataProvider.<init>(configDataProvider.java:12)
at com.utility.configDataProvider.<init>(configDataProvider.java:12)
at com.utility.configDataProvider.<init>(configDataProvider.java:12)
at com.utility.configDataProvider.<init>(configDataProvider.java:12)
at com.utility.configDataProvider.<init>(configDataProvider.java:12)
at com.utility.configDataProvider.<init>(configDataProvider.java:12)
at com.utility.configDataProvider.<init>(configDataProvider.java:12)
at com.utility.configDataProvider.<init>(configDataProvider.java:12)
at com.utility.configDataProvider.<init>(configDataProvider.java:12)
at com.utility.configDataProvider.<init>(configDataProvider.java:12)
at com.utility.configDataProvider.<init>(configDataProvider.java:12)
at com.utility.configDataProvider.<init>(configDataProvider.java:12)
at com.utility.configDataProvider.<init>(configDataProvider.java:12)
at com.utility.configDataProvider.<init>(configDataProvider.java:12)
at com.utility.configDataProvider.<init>(configDataProvider.java:12)
at com.utility.configDataProvider.<init>(configDataProvider.java:12)
at com.utility.configDataProvider.<init>(configDataProvider.java:12)
at com.utility.configDataProvider.<init>(configDataProvider.java:12)
at com.utility.configDataProvider.<init>(configDataProvider.java:12)
at com.utility.configDataProvider.<init>(configDataProvider.java:12)
at com.utility.configDataProvider.<init>(configDataProvider.java:12)
at com.utility.configDataProvider.<init>(configDataProvider.java:12)
at com.utility.configDataProvider.<init>(configDataProvider.java:12)
at com.utility.configDataProvider.<init>(configDataProvider.java:12)
at com.utility.configDataProvider.<init>(configDataProvider.java:12)
at com.utility.configDataProvider.<init>(configDataProvider.java:12)
at com.utility.configDataProvider.<init>(configDataProvider.java:12)
at com.utility.configDataProvider.<init>(configDataProvider.java:12)
at com.utility.configDataProvider.<init>(configDataProvider.java:12)
at com.utility.configDataProvider.<init>(configDataProvider.java:12)
at com.utility.configDataProvider.<init>(configDataProvider.java:12)
at com.utility.configDataProvider.<init>(configDataProvider.java:12)
at com.utility.configDataProvider.<init>(configDataProvider.java:12)
at com.utility.configDataProvider.<init>(configDataProvider.java:12)
at com.utility.configDataProvider.<init>(configDataProvider.java:12)
at com.utility.configDataProvider.<init>(configDataProvider.java:12)
at com.utility.configDataProvider.<init>(configDataProvider.java:12)
at com.utility.configDataProvider.<init>(configDataProvider.java:12)
at com.utility.configDataProvider.<init>(configDataProvider.java:12)
at com.utility.configDataProvider.<init>(configDataProvider.java:12)
at com.utility.configDataProvider.<init>(configDataProvider.java:12)
at com.utility.configDataProvider.<init>(configDataProvider.java:12)
at com.utility.configDataProvider.<init>(configDataProvider.java:12)
at com.utility.configDataProvider.<init>(configDataProvider.java:12)
at com.utility.configDataProvider.<init>(configDataProvider.java:12)
at com.utility.configDataProvider.<init>(configDataProvider.java:12)
at com.utility.configDataProvider.<init>(configDataProvider.java:12)
at com.utility.configDataProvider.<init>(configDataProvider.java:12)
at com.utility.configDataProvider.<init>(configDataProvider.java:12)
at com.utility.configDataProvider.<init>(configDataProvider.java:12)
at com.utility.configDataProvider.<init>(configDataProvider.java:12)
at com.utility.configDataProvider.<init>(configDataProvider.java:12)
at com.utility.configDataProvider.<init>(configDataProvider.java:12)
at com.utility.configDataProvider.<init>(configDataProvider.java:12)
at com.utility.configDataProvider.<init>(configDataProvider.java:12)
at com.utility.configDataProvider.<init>(configDataProvider.java:12)
at com.utility.configDataProvider.<init>(configDataProvider.java:12)
at com.utility.configDataProvider.<init>(configDataProvider.java:12)
at com.utility.configDataProvider.<init>(configDataProvider.java:12)
at com.utility.configDataProvider.<init>(configDataProvider.java:12)
at com.utility.configDataProvider.<init>(configDataProvider.java:12)
at com.utility.configDataProvider.<init>(configDataProvider.java:12)
at com.utility.configDataProvider.<init>(configDataProvider.java:12)
at com.utility.configDataProvider.<init>(configDataProvider.java:12)
at com.utility.configDataProvider.<init>(configDataProvider.java:12)
at com.utility.configDataProvider.<init>(configDataProvider.java:12)
at com.utility.configDataProvider.<init>(configDataProvider.java:12)
at com.utility.configDataProvider.<init>(configDataProvider.java:12)
at com.utility.configDataProvider.<init>(configDataProvider.java:12)
at com.utility.configDataProvider.<init>(configDataProvider.java:12)
at com.utility.configDataProvider.<init>(configDataProvider.java:12)
at com.utility.configDataProvider.<init>(configDataProvider.java:12)
at com.utility.configDataProvider.<init>(configDataProvider.java:12)
at com.utility.configDataProvider.<init>(configDataProvider.java:12)
at com.utility.configDataProvider.<init>(configDataProvider.java:12)
at com.utility.configDataProvider.<init>(configDataProvider.java:12)
at com.utility.configDataProvider.<init>(configDataProvider.java:12)
at com.utility.configDataProvider.<init>(configDataProvider.java:12)
at com.utility.configDataProvider.<init>(configDataProvider.java:12)
at com.utility.configDataProvider.<init>(configDataProvider.java:12)
at com.utility.configDataProvider.<init>(configDataProvider.java:12)
at com.utility.configDataProvider.<init>(configDataProvider.java:12)
at com.utility.configDataProvider.<init>(configDataProvider.java:12)
at com.utility.configDataProvider.<init>(configDataProvider.java:12)
at com.utility.configDataProvider.<init>(configDataProvider.java:12)
at com.utility.configDataProvider.<init>(configDataProvider.java:12)
at com.utility.configDataProvider.<init>(configDataProvider.java:12)
at com.utility.configDataProvider.<init>(configDataProvider.java:12)
at com.utility.configDataProvider.<init>(configDataProvider.java:12)
at com.utility.configDataProvider.<init>(configDataProvider.java:12)
at com.utility.configDataProvider.<init>(configDataProvider.java:12)
at com.utility.configDataProvider.<init>(configDataProvider.java:12)
at com.utility.configDataProvider.<init>(configDataProvider.java:12)
at com.utility.configDataProvider.<init>(configDataProvider.java:12)
at com.utility.configDataProvider.<init>(configDataProvider.java:12)
at com.utility.configDataProvider.<init>(configDataProvider.java:12)
at com.utility.configDataProvider.<init>(configDataProvider.java:12)
at com.utility.configDataProvider.<init>(configDataProvider.java:12)
at com.utility.configDataProvider.<init>(configDataProvider.java:12)
at com.utility.configDataProvider.<init>(configDataProvider.java:12)
at com.utility.configDataProvider.<init>(configDataProvider.java:12)
at com.utility.configDataProvider.<init>(configDataProvider.java:12)
at com.utility.configDataProvider.<init>(configDataProvider.java:12)
at com.utility.configDataProvider.<init>(configDataProvider.java:12)
at com.utility.configDataProvider.<init>(configDataProvider.java:12)
at com.utility.configDataProvider.<init>(configDataProvider.java:12)
at com.utility.configDataProvider.<init>(configDataProvider.java:12)
at com.utility.configDataProvider.<init>(configDataProvider.java:12)
at com.utility.configDataProvider.<init>(configDataProvider.java:12)
at com.utility.configDataProvider.<init>(configDataProvider.java:12)
at com.utility.configDataProvider.<init>(configDataProvider.java:12)
at com.utility.configDataProvider.<init>(configDataProvider.java:12)
at com.utility.configDataProvider.<init>(configDataProvider.java:12)
at com.utility.configDataProvider.<init>(configDataProvider.java:12)
at com.utility.configDataProvider.<init>(configDataProvider.java:12)
at com.utility.configDataProvider.<init>(configDataProvider.java:12)
at com.utility.configDataProvider.<init>(configDataProvider.java:12)
at com.utility.configDataProvider.<init>(configDataProvider.java:12)
at com.utility.configDataProvider.<init>(configDataProvider.java:12)
at com.utility.configDataProvider.<init>(configDataProvider.java:12)
at com.utility.configDataProvider.<init>(configDataProvider.java:12)
at com.utility.configDataProvider.<init>(configDataProvider.java:12)
at com.utility.configDataProvider.<init>(configDataProvider.java:12)
at com.utility.configDataProvider.<init>(configDataProvider.java:12)
at com.utility.configDataProvider.<init>(configDataProvider.java:12)
at com.utility.configDataProvider.<init>(configDataProvider.java:12)
at com.utility.configDataProvider.<init>(configDataProvider.java:12)
at com.utility.configDataProvider.<init>(configDataProvider.java:12)
at com.utility.configDataProvider.<init>(configDataProvider.java:12)
at com.utility.configDataProvider.<init>(configDataProvider.java:12)
at com.utility.configDataProvider.<init>(configDataProvider.java:12)
at com.utility.configDataProvider.<init>(configDataProvider.java:12)
at com.utility.configDataProvider.<init>(configDataProvider.java:12)
at com.utility.configDataProvider.<init>(configDataProvider.java:12)
at com.utility.configDataProvider.<init>(configDataProvider.java:12)
at com.utility.configDataProvider.<init>(configDataProvider.java:12)
at com.utility.configDataProvider.<init>(configDataProvider.java:12)
at com.utility.configDataProvider.<init>(configDataProvider.java:12)
at com.utility.configDataProvider.<init>(configDataProvider.java:12)
at com.utility.configDataProvider.<init>(configDataProvider.java:12)
at com.utility.configDataProvider.<init>(configDataProvider.java:12)
at com.utility.configDataProvider.<init>(configDataProvider.java:12)
at com.utility.configDataProvider.<init>(configDataProvider.java:12)
at com.utility.configDataProvider.<init>(configDataProvider.java:12)
at com.utility.configDataProvider.<init>(configDataProvider.java:12)
at com.utility.configDataProvider.<init>(configDataProvider.java:12)
at com.utility.configDataProvider.<init>(configDataProvider.java:12)
at com.utility.configDataProvider.<init>(configDataProvider.java:12)
at com.utility.configDataProvider.<init>(configDataProvider.java:12)
at com.utility.configDataProvider.<init>(configDataProvider.java:12)
at com.utility.configDataProvider.<init>(configDataProvider.java:12)
at com.utility.configDataProvider.<init>(configDataProvider.java:12)
at com.utility.configDataProvider.<init>(configDataProvider.java:12)
at com.utility.configDataProvider.<init>(configDataProvider.java:12)
at com.utility.configDataProvider.<init>(configDataProvider.java:12)
at com.utility.configDataProvider.<init>(configDataProvider.java:12)
at com.utility.configDataProvider.<init>(configDataProvider.java:12)
at com.utility.configDataProvider.<init>(configDataProvider.java:12)
at com.utility.configDataProvider.<init>(configDataProvider.java:12)
at com.utility.configDataProvider.<init>(configDataProvider.java:12)
at com.utility.configDataProvider.<init>(configDataProvider.java:12)
at com.utility.configDataProvider.<init>(configDataProvider.java:12)
at com.utility.configDataProvider.<init>(configDataProvider.java:12)
at com.utility.configDataProvider.<init>(configDataProvider.java:12)
at com.utility.configDataProvider.<init>(configDataProvider.java:12)
at com.utility.configDataProvider.<init>(configDataProvider.java:12)
at com.utility.configDataProvider.<init>(configDataProvider.java:12)
at com.utility.configDataProvider.<init>(configDataProvider.java:12)
at com.utility.configDataProvider.<init>(configDataProvider.java:12)
at com.utility.configDataProvider.<init>(configDataProvider.java:12)
at com.utility.configDataProvider.<init>(configDataProvider.java:12)
at com.utility.configDataProvider.<init>(configDataProvider.java:12)
at com.utility.configDataProvider.<init>(configDataProvider.java:12)
at com.utility.configDataProvider.<init>(configDataProvider.java:12)
at com.utility.configDataProvider.<init>(configDataProvider.java:12)
at com.utility.configDataProvider.<init>(configDataProvider.java:12)
at com.utility.configDataProvider.<init>(configDataProvider.java:12)
at com.utility.configDataProvider.<init>(configDataProvider.java:12)
at com.utility.configDataProvider.<init>(configDataProvider.java:12)
at com.utility.configDataProvider.<init>(configDataProvider.java:12)
at com.utility.configDataProvider.<init>(configDataProvider.java:12)
at com.utility.configDataProvider.<init>(configDataProvider.java:12)
at com.utility.configDataProvider.<init>(configDataProvider.java:12)
at com.utility.configDataProvider.<init>(configDataProvider.java:12)
at com.utility.configDataProvider.<init>(configDataProvider.java:12)
at com.utility.configDataProvider.<init>(configDataProvider.java:12)
at com.utility.configDataProvider.<init>(configDataProvider.java:12)
at com.utility.configDataProvider.<init>(configDataProvider.java:12)
at com.utility.configDataProvider.<init>(configDataProvider.java:12)
at com.utility.configDataProvider.<init>(configDataProvider.java:12)
at com.utility.configDataProvider.<init>(configDataProvider.java:12)
at com.utility.configDataProvider.<init>(configDataProvider.java:12)
at com.utility.configDataProvider.<init>(configDataProvider.java:12)
at com.utility.configDataProvider.<init>(configDataProvider.java:12)
at com.utility.configDataProvider.<init>(configDataProvider.java:12)
at com.utility.configDataProvider.<init>(configDataProvider.java:12)
at com.utility.configDataProvider.<init>(configDataProvider.java:12)
at com.utility.configDataProvider.<init>(configDataProvider.java:12)
at com.utility.configDataProvider.<init>(configDataProvider.java:12)
at com.utility.configDataProvider.<init>(configDataProvider.java:12)
at com.utility.configDataProvider.<init>(configDataProvider.java:12)
at com.utility.configDataProvider.<init>(configDataProvider.java:12)
at com.utility.configDataProvider.<init>(configDataProvider.java:12)
at com.utility.configDataProvider.<init>(configDataProvider.java:12)
at com.utility.configDataProvider.<init>(configDataProvider.java:12)
at com.utility.configDataProvider.<init>(configDataProvider.java:12)
at com.utility.configDataProvider.<init>(configDataProvider.java:12)
at com.utility.configDataProvider.<init>(configDataProvider.java:12)
at com.utility.configDataProvider.<init>(configDataProvider.java:12)
at com.utility.configDataProvider.<init>(configDataProvider.java:12)
at com.utility.configDataProvider.<init>(configDataProvider.java:12)
at com.utility.configDataProvider.<init>(configDataProvider.java:12)
at com.utility.configDataProvider.<init>(configDataProvider.java:12)
at com.utility.configDataProvider.<init>(configDataProvider.java:12)
at com.utility.configDataProvider.<init>(configDataProvider.java:12)
at com.utility.configDataProvider.<init>(configDataProvider.java:12)
at com.utility.configDataProvider.<init>(configDataProvider.java:12)
at com.utility.configDataProvider.<init>(configDataProvider.java:12)
at com.utility.configDataProvider.<init>(configDataProvider.java:12)
at com.utility.configDataProvider.<init>(configDataProvider.java:12)
at com.utility.configDataProvider.<init>(configDataProvider.java:12)
at com.utility.configDataProvider.<init>(configDataProvider.java:12)
at com.utility.configDataProvider.<init>(configDataProvider.java:12)
at com.utility.configDataProvider.<init>(configDataProvider.java:12)
at com.utility.configDataProvider.<init>(configDataProvider.java:12)
at com.utility.configDataProvider.<init>(configDataProvider.java:12)
at com.utility.configDataProvider.<init>(configDataProvider.java:12)
at com.utility.configDataProvider.<init>(configDataProvider.java:12)
at com.utility.configDataProvider.<init>(configDataProvider.java:12)
at com.utility.configDataProvider.<init>(configDataProvider.java:12)
at com.utility.configDataProvider.<init>(configDataProvider.java:12)
at com.utility.configDataProvider.<init>(configDataProvider.java:12)
at com.utility.configDataProvider.<init>(configDataProvider.java:12)
at com.utility.configDataProvider.<init>(configDataProvider.java:12)
at com.utility.configDataProvider.<init>(configDataProvider.java:12)
at com.utility.configDataProvider.<init>(configDataProvider.java:12)
at com.utility.configDataProvider.<init>(configDataProvider.java:12)
at com.utility.configDataProvider.<init>(configDataProvider.java:12)
at com.utility.configDataProvider.<init>(configDataProvider.java:12)
at com.utility.configDataProvider.<init>(configDataProvider.java:12)
at com.utility.configDataProvider.<init>(configDataProvider.java:12)
at com.utility.configDataProvider.<init>(configDataProvider.java:12)
at com.utility.configDataProvider.<init>(configDataProvider.java:12)
at com.utility.configDataProvider.<init>(configDataProvider.java:12)
at com.utility.configDataProvider.<init>(configDataProvider.java:12)
at com.utility.configDataProvider.<init>(configDataProvider.java:12)
at com.utility.configDataProvider.<init>(configDataProvider.java:12)
at com.utility.configDataProvider.<init>(configDataProvider.java:12)
at com.utility.configDataProvider.<init>(configDataProvider.java:12)
at com.utility.configDataProvider.<init>(configDataProvider.java:12)
at com.utility.configDataProvider.<init>(configDataProvider.java:12)
at com.utility.configDataProvider.<init>(configDataProvider.java:12)
at com.utility.configDataProvider.<init>(configDataProvider.java:12)
at com.utility.configDataProvider.<init>(configDataProvider.java:12)
at com.utility.configDataProvider.<init>(configDataProvider.java:12)
at com.utility.configDataProvider.<init>(configDataProvider.java:12)
at com.utility.configDataProvider.<init>(configDataProvider.java:12)
at com.utility.configDataProvider.<init>(configDataProvider.java:12)
at com.utility.configDataProvider.<init>(configDataProvider.java:12)
at com.utility.configDataProvider.<init>(configDataProvider.java:12)
at com.utility.configDataProvider.<init>(configDataProvider.java:12)
at com.utility.configDataProvider.<init>(configDataProvider.java:12)
at com.utility.configDataProvider.<init>(configDataProvider.java:12)
at com.utility.configDataProvider.<init>(configDataProvider.java:12)
at com.utility.configDataProvider.<init>(configDataProvider.java:12)
at com.utility.configDataProvider.<init>(configDataProvider.java:12)
at com.utility.configDataProvider.<init>(configDataProvider.java:12)
at com.utility.configDataProvider.<init>(configDataProvider.java:12)
at com.utility.configDataProvider.<init>(configDataProvider.java:12)
at com.utility.configDataProvider.<init>(configDataProvider.java:12)
at com.utility.configDataProvider.<init>(configDataProvider.java:12)
at com.utility.configDataProvider.<init>(configDataProvider.java:12)
at com.utility.configDataProvider.<init>(configDataProvider.java:12)
at com.utility.configDataProvider.<init>(configDataProvider.java:12)
at com.utility.configDataProvider.<init>(configDataProvider.java:12)
at com.utility.configDataProvider.<init>(configDataProvider.java:12)
at com.utility.configDataProvider.<init>(configDataProvider.java:12)
at com.utility.configDataProvider.<init>(configDataProvider.java:12)
at com.utility.configDataProvider.<init>(configDataProvider.java:12)
at com.utility.configDataProvider.<init>(configDataProvider.java:12)
at com.utility.configDataProvider.<init>(configDataProvider.java:12)
at com.utility.configDataProvider.<init>(configDataProvider.java:12)
at com.utility.configDataProvider.<init>(configDataProvider.java:12)
at com.utility.configDataProvider.<init>(configDataProvider.java:12)
at com.utility.configDataProvider.<init>(configDataProvider.java:12)
at com.utility.configDataProvider.<init>(configDataProvider.java:12)
at com.utility.configDataProvider.<init>(configDataProvider.java:12)
at com.utility.configDataProvider.<init>(configDataProvider.java:12)
at com.utility.configDataProvider.<init>(configDataProvider.java:12)
at com.utility.configDataProvider.<init>(configDataProvider.java:12)
at com.utility.configDataProvider.<init>(configDataProvider.java:12)
at com.utility.configDataProvider.<init>(configDataProvider.java:12)
at com.utility.configDataProvider.<init>(configDataProvider.java:12)
at com.utility.configDataProvider.<init>(configDataProvider.java:12)
at com.utility.configDataProvider.<init>(configDataProvider.java:12)
at com.utility.configDataProvider.<init>(configDataProvider.java:12)
at com.utility.configDataProvider.<init>(configDataProvider.java:12)
at com.utility.configDataProvider.<init>(configDataProvider.java:12)
at com.utility.configDataProvider.<init>(configDataProvider.java:12)
at com.utility.configDataProvider.<init>(configDataProvider.java:12)
at com.utility.configDataProvider.<init>(configDataProvider.java:12)
at com.utility.configDataProvider.<init>(configDataProvider.java:12)
at com.utility.configDataProvider.<init>(configDataProvider.java:12)
at com.utility.configDataProvider.<init>(configDataProvider.java:12)
at com.utility.configDataProvider.<init>(configDataProvider.java:12)
at com.utility.configDataProvider.<init>(configDataProvider.java:12)
at com.utility.configDataProvider.<init>(configDataProvider.java:12)
at com.utility.configDataProvider.<init>(configDataProvider.java:12)
at com.utility.configDataProvider.<init>(configDataProvider.java:12)
at com.utility.configDataProvider.<init>(configDataProvider.java:12)
at com.utility.configDataProvider.<init>(configDataProvider.java:12)
at com.utility.configDataProvider.<init>(configDataProvider.java:12)
at com.utility.configDataProvider.<init>(configDataProvider.java:12)
at com.utility.configDataProvider.<init>(configDataProvider.java:12)
at com.utility.configDataProvider.<init>(configDataProvider.java:12)
at com.utility.configDataProvider.<init>(configDataProvider.java:12)
at com.utility.configDataProvider.<init>(configDataProvider.java:12)
at com.utility.configDataProvider.<init>(configDataProvider.java:12)
at com.utility.configDataProvider.<init>(configDataProvider.java:12)
at com.utility.configDataProvider.<init>(configDataProvider.java:12)
at com.utility.configDataProvider.<init>(configDataProvider.java:12)
at com.utility.configDataProvider.<init>(configDataProvider.java:12)
at com.utility.configDataProvider.<init>(configDataProvider.java:12)
at com.utility.configDataProvider.<init>(configDataProvider.java:12)
at com.utility.configDataProvider.<init>(configDataProvider.java:12)
at com.utility.configDataProvider.<init>(configDataProvider.java:12)
at com.utility.configDataProvider.<init>(configDataProvider.java:12)
at com.utility.configDataProvider.<init>(configDataProvider.java:12)
at com.utility.configDataProvider.<init>(configDataProvider.java:12)
at com.utility.configDataProvider.<init>(configDataProvider.java:12)
at com.utility.configDataProvider.<init>(configDataProvider.java:12)
at com.utility.configDataProvider.<init>(configDataProvider.java:12)
at com.utility.configDataProvider.<init>(configDataProvider.java:12)
at com.utility.configDataProvider.<init>(configDataProvider.java:12)
at com.utility.configDataProvider.<init>(configDataProvider.java:12)
at com.utility.configDataProvider.<init>(configDataProvider.java:12)
at com.utility.configDataProvider.<init>(configDataProvider.java:12)
at com.utility.configDataProvider.<init>(configDataProvider.java:12)
at com.utility.configDataProvider.<init>(configDataProvider.java:12)
at com.utility.configDataProvider.<init>(configDataProvider.java:12)
at com.utility.configDataProvider.<init>(configDataProvider.java:12)
at com.utility.configDataProvider.<init>(configDataProvider.java:12)
at com.utility.configDataProvider.<init>(configDataProvider.java:12)
at com.utility.configDataProvider.<init>(configDataProvider.java:12)
at com.utility.configDataProvider.<init>(configDataProvider.java:12)
at com.utility.configDataProvider.<init>(configDataProvider.java:12)
at com.utility.configDataProvider.<init>(configDataProvider.java:12)
at com.utility.configDataProvider.<init>(configDataProvider.java:12)
at com.utility.configDataProvider.<init>(configDataProvider.java:12)
at com.utility.configDataProvider.<init>(configDataProvider.java:12)
at com.utility.configDataProvider.<init>(configDataProvider.java:12)
at com.utility.configDataProvider.<init>(configDataProvider.java:12)
at com.utility.configDataProvider.<init>(configDataProvider.java:12)
at com.utility.configDataProvider.<init>(configDataProvider.java:12)
at com.utility.configDataProvider.<init>(configDataProvider.java:12)
at com.utility.configDataProvider.<init>(configDataProvider.java:12)
at com.utility.configDataProvider.<init>(configDataProvider.java:12)
at com.utility.configDataProvider.<init>(configDataProvider.java:12)
at com.utility.configDataProvider.<init>(configDataProvider.java:12)
at com.utility.configDataProvider.<init>(configDataProvider.java:12)
at com.utility.configDataProvider.<init>(configDataProvider.java:12)
at com.utility.configDataProvider.<init>(configDataProvider.java:12)
at com.utility.configDataProvider.<init>(configDataProvider.java:12)
at com.utility.configDataProvider.<init>(configDataProvider.java:12)
at com.utility.configDataProvider.<init>(configDataProvider.java:12)
at com.utility.configDataProvider.<init>(configDataProvider.java:12)
at com.utility.configDataProvider.<init>(configDataProvider.java:12)
at com.utility.configDataProvider.<init>(configDataProvider.java:12)
at com.utility.configDataProvider.<init>(configDataProvider.java:12)
at com.utility.configDataProvider.<init>(configDataProvider.java:12)
at com.utility.configDataProvider.<init>(configDataProvider.java:12)
at com.utility.configDataProvider.<init>(configDataProvider.java:12)
at com.utility.configDataProvider.<init>(configDataProvider.java:12)
at com.utility.configDataProvider.<init>(configDataProvider.java:12)
at com.utility.configDataProvider.<init>(configDataProvider.java:12)
at com.utility.configDataProvider.<init>(configDataProvider.java:12)
at com.utility.configDataProvider.<init>(configDataProvider.java:12)
at com.utility.configDataProvider.<init>(configDataProvider.java:12)
at com.utility.configDataProvider.<init>(configDataProvider.java:12)
at com.utility.configDataProvider.<init>(configDataProvider.java:12)
at com.utility.configDataProvider.<init>(configDataProvider.java:12)
at com.utility.configDataProvider.<init>(configDataProvider.java:12)
at com.utility.configDataProvider.<init>(configDataProvider.java:12)
at com.utility.configDataProvider.<init>(configDataProvider.java:12)
at com.utility.configDataProvider.<init>(configDataProvider.java:12)
at com.utility.configDataProvider.<init>(configDataProvider.java:12)
at com.utility.configDataProvider.<init>(configDataProvider.java:12)
at com.utility.configDataProvider.<init>(configDataProvider.java:12)
at com.utility.configDataProvider.<init>(configDataProvider.java:12)
at com.utility.configDataProvider.<init>(configDataProvider.java:12)
at com.utility.configDataProvider.<init>(configDataProvider.java:12)
at com.utility.configDataProvider.<init>(configDataProvider.java:12)
at com.utility.configDataProvider.<init>(configDataProvider.java:12)
at com.utility.configDataProvider.<init>(configDataProvider.java:12)
at com.utility.configDataProvider.<init>(configDataProvider.java:12)
at com.utility.configDataProvider.<init>(configDataProvider.java:12)
at com.utility.configDataProvider.<init>(configDataProvider.java:12)
at com.utility.configDataProvider.<init>(configDataProvider.java:12)
at com.utility.configDataProvider.<init>(configDataProvider.java:12)
at com.utility.configDataProvider.<init>(configDataProvider.java:12)
at com.utility.configDataProvider.<init>(configDataProvider.java:12)
at com.utility.configDataProvider.<init>(configDataProvider.java:12)
at com.utility.configDataProvider.<init>(configDataProvider.java:12)
at com.utility.configDataProvider.<init>(configDataProvider.java:12)
at com.utility.configDataProvider.<init>(configDataProvider.java:12)
at com.utility.configDataProvider.<init>(configDataProvider.java:12)
at com.utility.configDataProvider.<init>(configDataProvider.java:12)
at com.utility.configDataProvider.<init>(configDataProvider.java:12)
at com.utility.configDataProvider.<init>(configDataProvider.java:12)
at com.utility.configDataProvider.<init>(configDataProvider.java:12)
at com.utility.configDataProvider.<init>(configDataProvider.java:12)
at com.utility.configDataProvider.<init>(configDataProvider.java:12)
at com.utility.configDataProvider.<init>(configDataProvider.java:12)
at com.utility.configDataProvider.<init>(configDataProvider.java:12)
at com.utility.configDataProvider.<init>(configDataProvider.java:12)
at com.utility.configDataProvider.<init>(configDataProvider.java:12)
at com.utility.configDataProvider.<init>(configDataProvider.java:12)
at com.utility.configDataProvider.<init>(configDataProvider.java:12)
at com.utility.configDataProvider.<init>(configDataProvider.java:12)
at com.utility.configDataProvider.<init>(configDataProvider.java:12)
at com.utility.configDataProvider.<init>(configDataProvider.java:12)
at com.utility.configDataProvider.<init>(configDataProvider.java:12)
at com.utility.configDataProvider.<init>(configDataProvider.java:12)
at com.utility.configDataProvider.<init>(configDataProvider.java:12)
at com.utility.configDataProvider.<init>(configDataProvider.java:12)
at com.utility.configDataProvider.<init>(configDataProvider.java:12)
at com.utility.configDataProvider.<init>(configDataProvider.java:12)
at com.utility.configDataProvider.<init>(configDataProvider.java:12)
at com.utility.configDataProvider.<init>(configDataProvider.java:12)
at com.utility.configDataProvider.<init>(configDataProvider.java:12)
at com.utility.configDataProvider.<init>(configDataProvider.java:12)
at com.utility.configDataProvider.<init>(configDataProvider.java:12)
at com.utility.configDataProvider.<init>(configDataProvider.java:12)
at com.utility.configDataProvider.<init>(configDataProvider.java:12)
at com.utility.configDataProvider.<init>(configDataProvider.java:12)
at com.utility.configDataProvider.<init>(configDataProvider.java:12)
at com.utility.configDataProvider.<init>(configDataProvider.java:12)
at com.utility.configDataProvider.<init>(configDataProvider.java:12)
at com.utility.configDataProvider.<init>(configDataProvider.java:12)
at com.utility.configDataProvider.<init>(configDataProvider.java:12)
at com.utility.configDataProvider.<init>(configDataProvider.java:12)
at com.utility.configDataProvider.<init>(configDataProvider.java:12)
at com.utility.configDataProvider.<init>(configDataProvider.java:12)
at com.utility.configDataProvider.<init>(configDataProvider.java:12)
at com.utility.configDataProvider.<init>(configDataProvider.java:12)
at com.utility.configDataProvider.<init>(configDataProvider.java:12)
at com.utility.configDataProvider.<init>(configDataProvider.java:12)
at com.utility.configDataProvider.<init>(configDataProvider.java:12)
at com.utility.configDataProvider.<init>(configDataProvider.java:12)
at com.utility.configDataProvider.<init>(configDataProvider.java:12)
at com.utility.configDataProvider.<init>(configDataProvider.java:12)
at com.utility.configDataProvider.<init>(configDataProvider.java:12)
at com.utility.configDataProvider.<init>(configDataProvider.java:12)
at com.utility.configDataProvider.<init>(configDataProvider.java:12)
at com.utility.configDataProvider.<init>(configDataProvider.java:12)
at com.utility.configDataProvider.<init>(configDataProvider.java:12)
at com.utility.configDataProvider.<init>(configDataProvider.java:12)
at com.utility.configDataProvider.<init>(configDataProvider.java:12)
at com.utility.configDataProvider.<init>(configDataProvider.java:12)
at com.utility.configDataProvider.<init>(configDataProvider.java:12)
at com.utility.configDataProvider.<init>(configDataProvider.java:12)
at com.utility.configDataProvider.<init>(configDataProvider.java:12)
at com.utility.configDataProvider.<init>(configDataProvider.java:12)
at com.utility.configDataProvider.<init>(configDataProvider.java:12)
at com.utility.configDataProvider.<init>(configDataProvider.java:12)
at com.utility.configDataProvider.<init>(configDataProvider.java:12)
at com.utility.configDataProvider.<init>(configDataProvider.java:12)
at com.utility.configDataProvider.<init>(configDataProvider.java:12)
at com.utility.configDataProvider.<init>(configDataProvider.java:12)
at com.utility.configDataProvider.<init>(configDataProvider.java:12)
at com.utility.configDataProvider.<init>(configDataProvider.java:12)
at com.utility.configDataProvider.<init>(configDataProvider.java:12)
at com.utility.configDataProvider.<init>(configDataProvider.java:12)
at com.utility.configDataProvider.<init>(configDataProvider.java:12)
at com.utility.configDataProvider.<init>(configDataProvider.java:12)
at com.utility.configDataProvider.<init>(configDataProvider.java:12)
at com.utility.configDataProvider.<init>(configDataProvider.java:12)
at com.utility.configDataProvider.<init>(configDataProvider.java:12)
at com.utility.configDataProvider.<init>(configDataProvider.java:12)
at com.utility.configDataProvider.<init>(configDataProvider.java:12)
at com.utility.configDataProvider.<init>(configDataProvider.java:12)
at com.utility.configDataProvider.<init>(configDataProvider.java:12)
at com.utility.configDataProvider.<init>(configDataProvider.java:12)
at com.utility.configDataProvider.<init>(configDataProvider.java:12)
at com.utility.configDataProvider.<init>(configDataProvider.java:12)
at com.utility.configDataProvider.<init>(configDataProvider.java:12)
at com.utility.configDataProvider.<init>(configDataProvider.java:12)
at com.utility.configDataProvider.<init>(configDataProvider.java:12)
at com.utility.configDataProvider.<init>(configDataProvider.java:12)
at com.utility.configDataProvider.<init>(configDataProvider.java:12)
at com.utility.configDataProvider.<init>(configDataProvider.java:12)
at com.utility.configDataProvider.<init>(configDataProvider.java:12)
at com.utility.configDataProvider.<init>(configDataProvider.java:12)
at com.utility.configDataProvider.<init>(configDataProvider.java:12)
at com.utility.configDataProvider.<init>(configDataProvider.java:12)
at com.utility.configDataProvider.<init>(configDataProvider.java:12)
at com.utility.configDataProvider.<init>(configDataProvider.java:12)
at com.utility.configDataProvider.<init>(configDataProvider.java:12)
at com.utility.configDataProvider.<init>(configDataProvider.java:12)
at com.utility.configDataProvider.<init>(configDataProvider.java:12)
at com.utility.configDataProvider.<init>(configDataProvider.java:12)
at com.utility.configDataProvider.<init>(configDataProvider.java:12)
at com.utility.configDataProvider.<init>(configDataProvider.java:12)
at com.utility.configDataProvider.<init>(configDataProvider.java:12)
at com.utility.configDataProvider.<init>(configDataProvider.java:12)
at com.utility.configDataProvider.<init>(configDataProvider.java:12)
at com.utility.configDataProvider.<init>(configDataProvider.java:12)
at com.utility.configDataProvider.<init>(configDataProvider.java:12)
at com.utility.configDataProvider.<init>(configDataProvider.java:12)
at com.utility.configDataProvider.<init>(configDataProvider.java:12)
at com.utility.configDataProvider.<init>(configDataProvider.java:12)
at com.utility.configDataProvider.<init>(configDataProvider.java:12)
at com.utility.configDataProvider.<init>(configDataProvider.java:12)
at com.utility.configDataProvider.<init>(configDataProvider.java:12)
at com.utility.configDataProvider.<init>(configDataProvider.java:12)
at com.utility.configDataProvider.<init>(configDataProvider.java:12)
at com.utility.configDataProvider.<init>(configDataProvider.java:12)
at com.utility.configDataProvider.<init>(configDataProvider.java:12)
at com.utility.configDataProvider.<init>(configDataProvider.java:12)
at com.utility.configDataProvider.<init>(configDataProvider.java:12)
at com.utility.configDataProvider.<init>(configDataProvider.java:12)
at com.utility.configDataProvider.<init>(configDataProvider.java:12)
at com.utility.configDataProvider.<init>(configDataProvider.java:12)
at com.utility.configDataProvider.<init>(configDataProvider.java:12)
at com.utility.configDataProvider.<init>(configDataProvider.java:12)
at com.utility.configDataProvider.<init>(configDataProvider.java:12)
at com.utility.configDataProvider.<init>(configDataProvider.java:12)
at com.utility.configDataProvider.<init>(configDataProvider.java:12)
at com.utility.configDataProvider.<init>(configDataProvider.java:12)
at com.utility.configDataProvider.<init>(configDataProvider.java:12)
at com.utility.configDataProvider.<init>(configDataProvider.java:12)
at com.utility.configDataProvider.<init>(configDataProvider.java:12)
at com.utility.configDataProvider.<init>(configDataProvider.java:12)
at com.utility.configDataProvider.<init>(configDataProvider.java:12)
at com.utility.configDataProvider.<init>(configDataProvider.java:12)
at com.utility.configDataProvider.<init>(configDataProvider.java:12)
at com.utility.configDataProvider.<init>(configDataProvider.java:12)
at com.utility.configDataProvider.<init>(configDataProvider.java:12)
at com.utility.configDataProvider.<init>(configDataProvider.java:12)
at com.utility.configDataProvider.<init>(configDataProvider.java:12)
at com.utility.configDataProvider.<init>(configDataProvider.java:12)
at com.utility.configDataProvider.<init>(configDataProvider.java:12)
at com.utility.configDataProvider.<init>(configDataProvider.java:12)
at com.utility.configDataProvider.<init>(configDataProvider.java:12)
at com.utility.configDataProvider.<init>(configDataProvider.java:12)
at com.utility.configDataProvider.<init>(configDataProvider.java:12)
at com.utility.configDataProvider.<init>(configDataProvider.java:12)
at com.utility.configDataProvider.<init>(configDataProvider.java:12)
at com.utility.configDataProvider.<init>(configDataProvider.java:12)
at com.utility.configDataProvider.<init>(configDataProvider.java:12)
at com.utility.configDataProvider.<init>(configDataProvider.java:12)
at com.utility.configDataProvider.<init>(configDataProvider.java:12)
at com.utility.configDataProvider.<init>(configDataProvider.java:12)
at com.utility.configDataProvider.<init>(configDataProvider.java:12)
at com.utility.configDataProvider.<init>(configDataProvider.java:12)
at com.utility.configDataProvider.<init>(configDataProvider.java:12)
at com.utility.configDataProvider.<init>(configDataProvider.java:12)
at com.utility.configDataProvider.<init>(configDataProvider.java:12)
at com.utility.configDataProvider.<init>(configDataProvider.java:12)
]]>
    </failure>
  </testcase> <!-- @BeforeSuite Baseclass1 -->
  <testcase classname="com.utility.Baseclass" name="@BeforeMethod bm" time="-1.665299807249E9">
    <skipped/>
  </testcase> <!-- @BeforeMethod bm -->
  <testcase classname="com.utility.Baseclass" name="@AfterMethod teardown" time="-1.665299807254E9">
    <skipped/>
  </testcase> <!-- @AfterMethod teardown -->
  <testcase classname="com.test.test1" name="verify_test1" time="0.0">
    <skipped/>
  </testcase> <!-- verify_test1 -->
</testsuite> <!-- Test1 -->
