<?xml version="1.0" encoding="UTF-8"?>
<testng-results ignored="0" total="2" passed="0" failed="0" skipped="2">
  <reporter-output>
  </reporter-output>
  <suite started-at="2022-10-09T12:46:47 IST" name="Suite" finished-at="2022-10-09T12:46:47 IST" duration-ms="109">
    <groups>
    </groups>
    <test started-at="2022-10-09T12:46:47 IST" name="Test1" finished-at="2022-10-09T12:46:47 IST" duration-ms="31">
      <class name="com.test.test1">
        <test-method is-config="true" signature="bm(java.lang.String)[pri:0, instance:com.test.test1@52bf72b5]" started-at="2022-10-09T12:46:47 IST" name="bm" finished-at="1970-01-01T05:30:00 IST" duration-ms="-1665299807249" status="SKIP">
          <reporter-output>
          </reporter-output>
        </test-method> <!-- bm -->
        <test-method signature="verify_test1()[pri:0, instance:com.test.test1@52bf72b5]" started-at="2022-10-09T12:46:47 IST" name="verify_test1" finished-at="2022-10-09T12:46:47 IST" duration-ms="0" status="SKIP">
          <reporter-output>
          </reporter-output>
        </test-method> <!-- verify_test1 -->
        <test-method is-config="true" signature="teardown()[pri:0, instance:com.test.test1@52bf72b5]" started-at="2022-10-09T12:46:47 IST" name="teardown" finished-at="1970-01-01T05:30:00 IST" duration-ms="-1665299807254" status="SKIP">
          <reporter-output>
          </reporter-output>
        </test-method> <!-- teardown -->
      </class> <!-- com.test.test1 -->
    </test> <!-- Test1 -->
    <test started-at="2022-10-09T12:46:47 IST" name="Test" finished-at="2022-10-09T12:46:47 IST" duration-ms="17">
      <class name="com.test.test1">
        <test-method is-config="true" signature="Baseclass1()[pri:0, instance:com.test.test1@293a5bf6]" started-at="2022-10-09T12:46:44 IST" name="Baseclass1" finished-at="2022-10-09T12:46:47 IST" duration-ms="2547" status="FAIL">
          <exception class="java.lang.StackOverflowError">
            <full-stacktrace>
              <![CDATA[java.lang.StackOverflowError
at java.base/java.io.File.<init>(File.java:280)
at java.base/java.io.FileInputStream.<init>(FileInputStream.java:111)
at com.utility.configDataProvider.<init>(configDataProvider.java:11)
at com.utility.configDataProvider.<init>(configDataProvider.java:12)
at com.utility.configDataProvider.<init>(configDataProvider.java:12)
at com.utility.configDataProvider.<init>(configDataProvider.java:12)
at com.utility.configDataProvider.<init>(configDataProvider.java:12)
at com.utility.configDataProvider.<init>(configDataProvider.java:12)
at com.utility.configDataProvider.<init>(configDataProvider.java:12)
at com.utility.configDataProvider.<init>(configDataProvider.java:12)
at com.utility.configDataProvider.<init>(configDataProvider.java:12)
at com.utility.configDataProvider.<init>(configDataProvider.java:12)
at com.utility.configDataProvider.<init>(configDataProvider.java:12)
at com.utility.configDataProvider.<init>(configDataProvider.java:12)
at com.utility.configDataProvider.<init>(configDataProvider.java:12)
at com.utility.configDataProvider.<init>(configDataProvider.java:12)
at com.utility.configDataProvider.<init>(configDataProvider.java:12)
at com.utility.configDataProvider.<init>(configDataProvider.java:12)
at com.utility.configDataProvider.<init>(configDataProvider.java:12)
at com.utility.configDataProvider.<init>(configDataProvider.java:12)
at com.utility.configDataProvider.<init>(configDataProvider.java:12)
at com.utility.configDataProvider.<init>(configDataProvider.java:12)
at com.utility.configDataProvider.<init>(configDataProvider.java:12)
at com.utility.configDataProvider.<init>(configDataProvider.java:12)
at com.utility.configDataProvider.<init>(configDataProvider.java:12)
at com.utility.configDataProvider.<init>(configDataProvider.java:12)
at com.utility.configDataProvider.<init>(configDataProvider.java:12)
at com.utility.configDataProvider.<init>(configDataProvider.java:12)
at com.utility.configDataProvider.<init>(configDataProvider.java:12)
at com.utility.configDataProvider.<init>(configDataProvider.java:12)
at com.utility.configDataProvider.<init>(configDataProvider.java:12)
at com.utility.configDataProvider.<init>(configDataProvider.java:12)
at com.utility.configDataProvider.<init>(configDataProvider.java:12)
at com.utility.configDataProvider.<init>(configDataProvider.java:12)
at com.utility.configDataProvider.<init>(configDataProvider.java:12)
at com.utility.configDataProvider.<init>(configDataProvider.java:12)
at com.utility.configDataProvider.<init>(configDataProvider.java:12)
at com.utility.configDataProvider.<init>(configDataProvider.java:12)
at com.utility.configDataProvider.<init>(configDataProvider.java:12)
at com.utility.configDataProvider.<init>(configDataProvider.java:12)
at com.utility.configDataProvider.<init>(configDataProvider.java:12)
at com.utility.configDataProvider.<init>(configDataProvider.java:12)
at com.utility.configDataProvider.<init>(configDataProvider.java:12)
at com.utility.configDataProvider.<init>(configDataProvider.java:12)
at com.utility.configDataProvider.<init>(configDataProvider.java:12)
at com.utility.configDataProvider.<init>(configDataProvider.java:12)
at com.utility.configDataProvider.<init>(configDataProvider.java:12)
at com.utility.configDataProvider.<init>(configDataProvider.java:12)
at com.utility.configDataProvider.<init>(configDataProvider.java:12)
at com.utility.configDataProvider.<init>(configDataProvider.java:12)
at com.utility.configDataProvider.<init>(configDataProvider.java:12)
at com.utility.configDataProvider.<init>(configDataProvider.java:12)
at com.utility.configDataProvider.<init>(configDataProvider.java:12)
at com.utility.configDataProvider.<init>(configDataProvider.java:12)
at com.utility.configDataProvider.<init>(configDataProvider.java:12)
at com.utility.configDataProvider.<init>(configDataProvider.java:12)
at com.utility.configDataProvider.<init>(configDataProvider.java:12)
at com.utility.configDataProvider.<init>(configDataProvider.java:12)
at com.utility.configDataProvider.<init>(configDataProvider.java:12)
at com.utility.configDataProvider.<init>(configDataProvider.java:12)
at com.utility.configDataProvider.<init>(configDataProvider.java:12)
at com.utility.configDataProvider.<init>(configDataProvider.java:12)
at com.utility.configDataProvider.<init>(configDataProvider.java:12)
at com.utility.configDataProvider.<init>(configDataProvider.java:12)
at com.utility.configDataProvider.<init>(configDataProvider.java:12)
at com.utility.configDataProvider.<init>(configDataProvider.java:12)
at com.utility.configDataProvider.<init>(configDataProvider.java:12)
at com.utility.configDataProvider.<init>(configDataProvider.java:12)
at com.utility.configDataProvider.<init>(configDataProvider.java:12)
at com.utility.configDataProvider.<init>(configDataProvider.java:12)
at com.utility.configDataProvider.<init>(configDataProvider.java:12)
at com.utility.configDataProvider.<init>(configDataProvider.java:12)
at com.utility.configDataProvider.<init>(configDataProvider.java:12)
at com.utility.configDataProvider.<init>(configDataProvider.java:12)
at com.utility.configDataProvider.<init>(configDataProvider.java:12)
at com.utility.configDataProvider.<init>(configDataProvider.java:12)
at com.utility.configDataProvider.<init>(configDataProvider.java:12)
at com.utility.configDataProvider.<init>(configDataProvider.java:12)
at com.utility.configDataProvider.<init>(configDataProvider.java:12)
at com.utility.configDataProvider.<init>(configDataProvider.java:12)
at com.utility.configDataProvider.<init>(configDataProvider.java:12)
at com.utility.configDataProvider.<init>(configDataProvider.java:12)
at com.utility.configDataProvider.<init>(configDataProvider.java:12)
at com.utility.configDataProvider.<init>(configDataProvider.java:12)
at com.utility.configDataProvider.<init>(configDataProvider.java:12)
at com.utility.configDataProvider.<init>(configDataProvider.java:12)
at com.utility.configDataProvider.<init>(configDataProvider.java:12)
at com.utility.configDataProvider.<init>(configDataProvider.java:12)
at com.utility.configDataProvider.<init>(configDataProvider.java:12)
at com.utility.configDataProvider.<init>(configDataProvider.java:12)
at com.utility.configDataProvider.<init>(configDataProvider.java:12)
at com.utility.configDataProvider.<init>(configDataProvider.java:12)
at com.utility.configDataProvider.<init>(configDataProvider.java:12)
at com.utility.configDataProvider.<init>(configDataProvider.java:12)
at com.utility.configDataProvider.<init>(configDataProvider.java:12)
at com.utility.configDataProvider.<init>(configDataProvider.java:12)
at com.utility.configDataProvider.<init>(configDataProvider.java:12)
at com.utility.configDataProvider.<init>(configDataProvider.java:12)
at com.utility.configDataProvider.<init>(configDataProvider.java:12)
at com.utility.configDataProvider.<init>(configDataProvider.java:12)
at com.utility.configDataProvider.<init>(configDataProvider.java:12)
at com.utility.configDataProvider.<init>(configDataProvider.java:12)
at com.utility.configDataProvider.<init>(configDataProvider.java:12)
at com.utility.configDataProvider.<init>(configDataProvider.java:12)
at com.utility.configDataProvider.<init>(configDataProvider.java:12)
at com.utility.configDataProvider.<init>(configDataProvider.java:12)
at com.utility.configDataProvider.<init>(configDataProvider.java:12)
at com.utility.configDataProvider.<init>(configDataProvider.java:12)
at com.utility.configDataProvider.<init>(configDataProvider.java:12)
at com.utility.configDataProvider.<init>(configDataProvider.java:12)
at com.utility.configDataProvider.<init>(configDataProvider.java:12)
at com.utility.configDataProvider.<init>(configDataProvider.java:12)
at com.utility.configDataProvider.<init>(configDataProvider.java:12)
at com.utility.configDataProvider.<init>(configDataProvider.java:12)
at com.utility.configDataProvider.<init>(configDataProvider.java:12)
at com.utility.configDataProvider.<init>(configDataProvider.java:12)
at com.utility.configDataProvider.<init>(configDataProvider.java:12)
at com.utility.configDataProvider.<init>(configDataProvider.java:12)
at com.utility.configDataProvider.<init>(configDataProvider.java:12)
at com.utility.configDataProvider.<init>(configDataProvider.java:12)
at com.utility.configDataProvider.<init>(configDataProvider.java:12)
at com.utility.configDataProvider.<init>(configDataProvider.java:12)
at com.utility.configDataProvider.<init>(configDataProvider.java:12)
at com.utility.configDataProvider.<init>(configDataProvider.java:12)
at com.utility.configDataProvider.<init>(configDataProvider.java:12)
at com.utility.configDataProvider.<init>(configDataProvider.java:12)
at com.utility.configDataProvider.<init>(configDataProvider.java:12)
at com.utility.configDataProvider.<init>(configDataProvider.java:12)
at com.utility.configDataProvider.<init>(configDataProvider.java:12)
at com.utility.configDataProvider.<init>(configDataProvider.java:12)
at com.utility.configDataProvider.<init>(configDataProvider.java:12)
at com.utility.configDataProvider.<init>(configDataProvider.java:12)
at com.utility.configDataProvider.<init>(configDataProvider.java:12)
at com.utility.configDataProvider.<init>(configDataProvider.java:12)
at com.utility.configDataProvider.<init>(configDataProvider.java:12)
at com.utility.configDataProvider.<init>(configDataProvider.java:12)
at com.utility.configDataProvider.<init>(configDataProvider.java:12)
at com.utility.configDataProvider.<init>(configDataProvider.java:12)
at com.utility.configDataProvider.<init>(configDataProvider.java:12)
at com.utility.configDataProvider.<init>(configDataProvider.java:12)
at com.utility.configDataProvider.<init>(configDataProvider.java:12)
at com.utility.configDataProvider.<init>(configDataProvider.java:12)
at com.utility.configDataProvider.<init>(configDataProvider.java:12)
at com.utility.configDataProvider.<init>(configDataProvider.java:12)
at com.utility.configDataProvider.<init>(configDataProvider.java:12)
at com.utility.configDataProvider.<init>(configDataProvider.java:12)
at com.utility.configDataProvider.<init>(configDataProvider.java:12)
at com.utility.configDataProvider.<init>(configDataProvider.java:12)
at com.utility.configDataProvider.<init>(configDataProvider.java:12)
at com.utility.configDataProvider.<init>(configDataProvider.java:12)
at com.utility.configDataProvider.<init>(configDataProvider.java:12)
at com.utility.configDataProvider.<init>(configDataProvider.java:12)
at com.utility.configDataProvider.<init>(configDataProvider.java:12)
at com.utility.configDataProvider.<init>(configDataProvider.java:12)
at com.utility.configDataProvider.<init>(configDataProvider.java:12)
at com.utility.configDataProvider.<init>(configDataProvider.java:12)
at com.utility.configDataProvider.<init>(configDataProvider.java:12)
at com.utility.configDataProvider.<init>(configDataProvider.java:12)
at com.utility.configDataProvider.<init>(configDataProvider.java:12)
at com.utility.configDataProvider.<init>(configDataProvider.java:12)
at com.utility.configDataProvider.<init>(configDataProvider.java:12)
at com.utility.configDataProvider.<init>(configDataProvider.java:12)
at com.utility.configDataProvider.<init>(configDataProvider.java:12)
at com.utility.configDataProvider.<init>(configDataProvider.java:12)
at com.utility.configDataProvider.<init>(configDataProvider.java:12)
at com.utility.configDataProvider.<init>(configDataProvider.java:12)
at com.utility.configDataProvider.<init>(configDataProvider.java:12)
at com.utility.configDataProvider.<init>(configDataProvider.java:12)
at com.utility.configDataProvider.<init>(configDataProvider.java:12)
at com.utility.configDataProvider.<init>(configDataProvider.java:12)
at com.utility.configDataProvider.<init>(configDataProvider.java:12)
at com.utility.configDataProvider.<init>(configDataProvider.java:12)
at com.utility.configDataProvider.<init>(configDataProvider.java:12)
at com.utility.configDataProvider.<init>(configDataProvider.java:12)
at com.utility.configDataProvider.<init>(configDataProvider.java:12)
at com.utility.configDataProvider.<init>(configDataProvider.java:12)
at com.utility.configDataProvider.<init>(configDataProvider.java:12)
at com.utility.configDataProvider.<init>(configDataProvider.java:12)
at com.utility.configDataProvider.<init>(configDataProvider.java:12)
at com.utility.configDataProvider.<init>(configDataProvider.java:12)
at com.utility.configDataProvider.<init>(configDataProvider.java:12)
at com.utility.configDataProvider.<init>(configDataProvider.java:12)
at com.utility.configDataProvider.<init>(configDataProvider.java:12)
at com.utility.configDataProvider.<init>(configDataProvider.java:12)
at com.utility.configDataProvider.<init>(configDataProvider.java:12)
at com.utility.configDataProvider.<init>(configDataProvider.java:12)
at com.utility.configDataProvider.<init>(configDataProvider.java:12)
at com.utility.configDataProvider.<init>(configDataProvider.java:12)
at com.utility.configDataProvider.<init>(configDataProvider.java:12)
at com.utility.configDataProvider.<init>(configDataProvider.java:12)
at com.utility.configDataProvider.<init>(configDataProvider.java:12)
at com.utility.configDataProvider.<init>(configDataProvider.java:12)
at com.utility.configDataProvider.<init>(configDataProvider.java:12)
at com.utility.configDataProvider.<init>(configDataProvider.java:12)
at com.utility.configDataProvider.<init>(configDataProvider.java:12)
at com.utility.configDataProvider.<init>(configDataProvider.java:12)
at com.utility.configDataProvider.<init>(configDataProvider.java:12)
at com.utility.configDataProvider.<init>(configDataProvider.java:12)
at com.utility.configDataProvider.<init>(configDataProvider.java:12)
at com.utility.configDataProvider.<init>(configDataProvider.java:12)
at com.utility.configDataProvider.<init>(configDataProvider.java:12)
at com.utility.configDataProvider.<init>(configDataProvider.java:12)
at com.utility.configDataProvider.<init>(configDataProvider.java:12)
at com.utility.configDataProvider.<init>(configDataProvider.java:12)
at com.utility.configDataProvider.<init>(configDataProvider.java:12)
at com.utility.configDataProvider.<init>(configDataProvider.java:12)
at com.utility.configDataProvider.<init>(configDataProvider.java:12)
at com.utility.configDataProvider.<init>(configDataProvider.java:12)
at com.utility.configDataProvider.<init>(configDataProvider.java:12)
at com.utility.configDataProvider.<init>(configDataProvider.java:12)
at com.utility.configDataProvider.<init>(configDataProvider.java:12)
at com.utility.configDataProvider.<init>(configDataProvider.java:12)
at com.utility.configDataProvider.<init>(configDataProvider.java:12)
at com.utility.configDataProvider.<init>(configDataProvider.java:12)
at com.utility.configDataProvider.<init>(configDataProvider.java:12)
at com.utility.configDataProvider.<init>(configDataProvider.java:12)
at com.utility.configDataProvider.<init>(configDataProvider.java:12)
at com.utility.configDataProvider.<init>(configDataProvider.java:12)
at com.utility.configDataProvider.<init>(configDataProvider.java:12)
at com.utility.configDataProvider.<init>(configDataProvider.java:12)
at com.utility.configDataProvider.<init>(configDataProvider.java:12)
at com.utility.configDataProvider.<init>(configDataProvider.java:12)
at com.utility.configDataProvider.<init>(configDataProvider.java:12)
at com.utility.configDataProvider.<init>(configDataProvider.java:12)
at com.utility.configDataProvider.<init>(configDataProvider.java:12)
at com.utility.configDataProvider.<init>(configDataProvider.java:12)
at com.utility.configDataProvider.<init>(configDataProvider.java:12)
at com.utility.configDataProvider.<init>(configDataProvider.java:12)
at com.utility.configDataProvider.<init>(configDataProvider.java:12)
at com.utility.configDataProvider.<init>(configDataProvider.java:12)
at com.utility.configDataProvider.<init>(configDataProvider.java:12)
at com.utility.configDataProvider.<init>(configDataProvider.java:12)
at com.utility.configDataProvider.<init>(configDataProvider.java:12)
at com.utility.configDataProvider.<init>(configDataProvider.java:12)
at com.utility.configDataProvider.<init>(configDataProvider.java:12)
at com.utility.configDataProvider.<init>(configDataProvider.java:12)
at com.utility.configDataProvider.<init>(configDataProvider.java:12)
at com.utility.configDataProvider.<init>(configDataProvider.java:12)
at com.utility.configDataProvider.<init>(configDataProvider.java:12)
at com.utility.configDataProvider.<init>(configDataProvider.java:12)
at com.utility.configDataProvider.<init>(configDataProvider.java:12)
at com.utility.configDataProvider.<init>(configDataProvider.java:12)
at com.utility.configDataProvider.<init>(configDataProvider.java:12)
at com.utility.configDataProvider.<init>(configDataProvider.java:12)
at com.utility.configDataProvider.<init>(configDataProvider.java:12)
at com.utility.configDataProvider.<init>(configDataProvider.java:12)
at com.utility.configDataProvider.<init>(configDataProvider.java:12)
at com.utility.configDataProvider.<init>(configDataProvider.java:12)
at com.utility.configDataProvider.<init>(configDataProvider.java:12)
at com.utility.configDataProvider.<init>(configDataProvider.java:12)
at com.utility.configDataProvider.<init>(configDataProvider.java:12)
at com.utility.configDataProvider.<init>(configDataProvider.java:12)
at com.utility.configDataProvider.<init>(configDataProvider.java:12)
at com.utility.configDataProvider.<init>(configDataProvider.java:12)
at com.utility.configDataProvider.<init>(configDataProvider.java:12)
at com.utility.configDataProvider.<init>(configDataProvider.java:12)
at com.utility.configDataProvider.<init>(configDataProvider.java:12)
at com.utility.configDataProvider.<init>(configDataProvider.java:12)
at com.utility.configDataProvider.<init>(configDataProvider.java:12)
at com.utility.configDataProvider.<init>(configDataProvider.java:12)
at com.utility.configDataProvider.<init>(configDataProvider.java:12)
at com.utility.configDataProvider.<init>(configDataProvider.java:12)
at com.utility.configDataProvider.<init>(configDataProvider.java:12)
at com.utility.configDataProvider.<init>(configDataProvider.java:12)
at com.utility.configDataProvider.<init>(configDataProvider.java:12)
at com.utility.configDataProvider.<init>(configDataProvider.java:12)
at com.utility.configDataProvider.<init>(configDataProvider.java:12)
at com.utility.configDataProvider.<init>(configDataProvider.java:12)
at com.utility.configDataProvider.<init>(configDataProvider.java:12)
at com.utility.configDataProvider.<init>(configDataProvider.java:12)
at com.utility.configDataProvider.<init>(configDataProvider.java:12)
at com.utility.configDataProvider.<init>(configDataProvider.java:12)
at com.utility.configDataProvider.<init>(configDataProvider.java:12)
at com.utility.configDataProvider.<init>(configDataProvider.java:12)
at com.utility.configDataProvider.<init>(configDataProvider.java:12)
at com.utility.configDataProvider.<init>(configDataProvider.java:12)
at com.utility.configDataProvider.<init>(configDataProvider.java:12)
at com.utility.configDataProvider.<init>(configDataProvider.java:12)
at com.utility.configDataProvider.<init>(configDataProvider.java:12)
at com.utility.configDataProvider.<init>(configDataProvider.java:12)
at com.utility.configDataProvider.<init>(configDataProvider.java:12)
at com.utility.configDataProvider.<init>(configDataProvider.java:12)
at com.utility.configDataProvider.<init>(configDataProvider.java:12)
at com.utility.configDataProvider.<init>(configDataProvider.java:12)
at com.utility.configDataProvider.<init>(configDataProvider.java:12)
at com.utility.configDataProvider.<init>(configDataProvider.java:12)
at com.utility.configDataProvider.<init>(configDataProvider.java:12)
at com.utility.configDataProvider.<init>(configDataProvider.java:12)
at com.utility.configDataProvider.<init>(configDataProvider.java:12)
at com.utility.configDataProvider.<init>(configDataProvider.java:12)
at com.utility.configDataProvider.<init>(configDataProvider.java:12)
at com.utility.configDataProvider.<init>(configDataProvider.java:12)
at com.utility.configDataProvider.<init>(configDataProvider.java:12)
at com.utility.configDataProvider.<init>(configDataProvider.java:12)
at com.utility.configDataProvider.<init>(configDataProvider.java:12)
at com.utility.configDataProvider.<init>(configDataProvider.java:12)
at com.utility.configDataProvider.<init>(configDataProvider.java:12)
at com.utility.configDataProvider.<init>(configDataProvider.java:12)
at com.utility.configDataProvider.<init>(configDataProvider.java:12)
at com.utility.configDataProvider.<init>(configDataProvider.java:12)
at com.utility.configDataProvider.<init>(configDataProvider.java:12)
at com.utility.configDataProvider.<init>(configDataProvider.java:12)
at com.utility.configDataProvider.<init>(configDataProvider.java:12)
at com.utility.configDataProvider.<init>(configDataProvider.java:12)
at com.utility.configDataProvider.<init>(configDataProvider.java:12)
at com.utility.configDataProvider.<init>(configDataProvider.java:12)
at com.utility.configDataProvider.<init>(configDataProvider.java:12)
at com.utility.configDataProvider.<init>(configDataProvider.java:12)
at com.utility.configDataProvider.<init>(configDataProvider.java:12)
at com.utility.configDataProvider.<init>(configDataProvider.java:12)
at com.utility.configDataProvider.<init>(configDataProvider.java:12)
at com.utility.configDataProvider.<init>(configDataProvider.java:12)
at com.utility.configDataProvider.<init>(configDataProvider.java:12)
at com.utility.configDataProvider.<init>(configDataProvider.java:12)
at com.utility.configDataProvider.<init>(configDataProvider.java:12)
at com.utility.configDataProvider.<init>(configDataProvider.java:12)
at com.utility.configDataProvider.<init>(configDataProvider.java:12)
at com.utility.configDataProvider.<init>(configDataProvider.java:12)
at com.utility.configDataProvider.<init>(configDataProvider.java:12)
at com.utility.configDataProvider.<init>(configDataProvider.java:12)
at com.utility.configDataProvider.<init>(configDataProvider.java:12)
at com.utility.configDataProvider.<init>(configDataProvider.java:12)
at com.utility.configDataProvider.<init>(configDataProvider.java:12)
at com.utility.configDataProvider.<init>(configDataProvider.java:12)
at com.utility.configDataProvider.<init>(configDataProvider.java:12)
at com.utility.configDataProvider.<init>(configDataProvider.java:12)
at com.utility.configDataProvider.<init>(configDataProvider.java:12)
at com.utility.configDataProvider.<init>(configDataProvider.java:12)
at com.utility.configDataProvider.<init>(configDataProvider.java:12)
at com.utility.configDataProvider.<init>(configDataProvider.java:12)
at com.utility.configDataProvider.<init>(configDataProvider.java:12)
at com.utility.configDataProvider.<init>(configDataProvider.java:12)
at com.utility.configDataProvider.<init>(configDataProvider.java:12)
at com.utility.configDataProvider.<init>(configDataProvider.java:12)
at com.utility.configDataProvider.<init>(configDataProvider.java:12)
at com.utility.configDataProvider.<init>(configDataProvider.java:12)
at com.utility.configDataProvider.<init>(configDataProvider.java:12)
at com.utility.configDataProvider.<init>(configDataProvider.java:12)
at com.utility.configDataProvider.<init>(configDataProvider.java:12)
at com.utility.configDataProvider.<init>(configDataProvider.java:12)
at com.utility.configDataProvider.<init>(configDataProvider.java:12)
at com.utility.configDataProvider.<init>(configDataProvider.java:12)
at com.utility.configDataProvider.<init>(configDataProvider.java:12)
at com.utility.configDataProvider.<init>(configDataProvider.java:12)
at com.utility.configDataProvider.<init>(configDataProvider.java:12)
at com.utility.configDataProvider.<init>(configDataProvider.java:12)
at com.utility.configDataProvider.<init>(configDataProvider.java:12)
at com.utility.configDataProvider.<init>(configDataProvider.java:12)
at com.utility.configDataProvider.<init>(configDataProvider.java:12)
at com.utility.configDataProvider.<init>(configDataProvider.java:12)
at com.utility.configDataProvider.<init>(configDataProvider.java:12)
at com.utility.configDataProvider.<init>(configDataProvider.java:12)
at com.utility.configDataProvider.<init>(configDataProvider.java:12)
at com.utility.configDataProvider.<init>(configDataProvider.java:12)
at com.utility.configDataProvider.<init>(configDataProvider.java:12)
at com.utility.configDataProvider.<init>(configDataProvider.java:12)
at com.utility.configDataProvider.<init>(configDataProvider.java:12)
at com.utility.configDataProvider.<init>(configDataProvider.java:12)
at com.utility.configDataProvider.<init>(configDataProvider.java:12)
at com.utility.configDataProvider.<init>(configDataProvider.java:12)
at com.utility.configDataProvider.<init>(configDataProvider.java:12)
at com.utility.configDataProvider.<init>(configDataProvider.java:12)
at com.utility.configDataProvider.<init>(configDataProvider.java:12)
at com.utility.configDataProvider.<init>(configDataProvider.java:12)
at com.utility.configDataProvider.<init>(configDataProvider.java:12)
at com.utility.configDataProvider.<init>(configDataProvider.java:12)
at com.utility.configDataProvider.<init>(configDataProvider.java:12)
at com.utility.configDataProvider.<init>(configDataProvider.java:12)
at com.utility.configDataProvider.<init>(configDataProvider.java:12)
at com.utility.configDataProvider.<init>(configDataProvider.java:12)
at com.utility.configDataProvider.<init>(configDataProvider.java:12)
at com.utility.configDataProvider.<init>(configDataProvider.java:12)
at com.utility.configDataProvider.<init>(configDataProvider.java:12)
at com.utility.configDataProvider.<init>(configDataProvider.java:12)
at com.utility.configDataProvider.<init>(configDataProvider.java:12)
at com.utility.configDataProvider.<init>(configDataProvider.java:12)
at com.utility.configDataProvider.<init>(configDataProvider.java:12)
at com.utility.configDataProvider.<init>(configDataProvider.java:12)
at com.utility.configDataProvider.<init>(configDataProvider.java:12)
at com.utility.configDataProvider.<init>(configDataProvider.java:12)
at com.utility.configDataProvider.<init>(configDataProvider.java:12)
at com.utility.configDataProvider.<init>(configDataProvider.java:12)
at com.utility.configDataProvider.<init>(configDataProvider.java:12)
at com.utility.configDataProvider.<init>(configDataProvider.java:12)
at com.utility.configDataProvider.<init>(configDataProvider.java:12)
at com.utility.configDataProvider.<init>(configDataProvider.java:12)
at com.utility.configDataProvider.<init>(configDataProvider.java:12)
at com.utility.configDataProvider.<init>(configDataProvider.java:12)
at com.utility.configDataProvider.<init>(configDataProvider.java:12)
at com.utility.configDataProvider.<init>(configDataProvider.java:12)
at com.utility.configDataProvider.<init>(configDataProvider.java:12)
at com.utility.configDataProvider.<init>(configDataProvider.java:12)
at com.utility.configDataProvider.<init>(configDataProvider.java:12)
at com.utility.configDataProvider.<init>(configDataProvider.java:12)
at com.utility.configDataProvider.<init>(configDataProvider.java:12)
at com.utility.configDataProvider.<init>(configDataProvider.java:12)
at com.utility.configDataProvider.<init>(configDataProvider.java:12)
at com.utility.configDataProvider.<init>(configDataProvider.java:12)
at com.utility.configDataProvider.<init>(configDataProvider.java:12)
at com.utility.configDataProvider.<init>(configDataProvider.java:12)
at com.utility.configDataProvider.<init>(configDataProvider.java:12)
at com.utility.configDataProvider.<init>(configDataProvider.java:12)
at com.utility.configDataProvider.<init>(configDataProvider.java:12)
at com.utility.configDataProvider.<init>(configDataProvider.java:12)
at com.utility.configDataProvider.<init>(configDataProvider.java:12)
at com.utility.configDataProvider.<init>(configDataProvider.java:12)
at com.utility.configDataProvider.<init>(configDataProvider.java:12)
at com.utility.configDataProvider.<init>(configDataProvider.java:12)
at com.utility.configDataProvider.<init>(configDataProvider.java:12)
at com.utility.configDataProvider.<init>(configDataProvider.java:12)
at com.utility.configDataProvider.<init>(configDataProvider.java:12)
at com.utility.configDataProvider.<init>(configDataProvider.java:12)
at com.utility.configDataProvider.<init>(configDataProvider.java:12)
at com.utility.configDataProvider.<init>(configDataProvider.java:12)
at com.utility.configDataProvider.<init>(configDataProvider.java:12)
at com.utility.configDataProvider.<init>(configDataProvider.java:12)
at com.utility.configDataProvider.<init>(configDataProvider.java:12)
at com.utility.configDataProvider.<init>(configDataProvider.java:12)
at com.utility.configDataProvider.<init>(configDataProvider.java:12)
at com.utility.configDataProvider.<init>(configDataProvider.java:12)
at com.utility.configDataProvider.<init>(configDataProvider.java:12)
at com.utility.configDataProvider.<init>(configDataProvider.java:12)
at com.utility.configDataProvider.<init>(configDataProvider.java:12)
at com.utility.configDataProvider.<init>(configDataProvider.java:12)
at com.utility.configDataProvider.<init>(configDataProvider.java:12)
at com.utility.configDataProvider.<init>(configDataProvider.java:12)
at com.utility.configDataProvider.<init>(configDataProvider.java:12)
at com.utility.configDataProvider.<init>(configDataProvider.java:12)
at com.utility.configDataProvider.<init>(configDataProvider.java:12)
at com.utility.configDataProvider.<init>(configDataProvider.java:12)
at com.utility.configDataProvider.<init>(configDataProvider.java:12)
at com.utility.configDataProvider.<init>(configDataProvider.java:12)
at com.utility.configDataProvider.<init>(configDataProvider.java:12)
at com.utility.configDataProvider.<init>(configDataProvider.java:12)
at com.utility.configDataProvider.<init>(configDataProvider.java:12)
at com.utility.configDataProvider.<init>(configDataProvider.java:12)
at com.utility.configDataProvider.<init>(configDataProvider.java:12)
at com.utility.configDataProvider.<init>(configDataProvider.java:12)
at com.utility.configDataProvider.<init>(configDataProvider.java:12)
at com.utility.configDataProvider.<init>(configDataProvider.java:12)
at com.utility.configDataProvider.<init>(configDataProvider.java:12)
at com.utility.configDataProvider.<init>(configDataProvider.java:12)
at com.utility.configDataProvider.<init>(configDataProvider.java:12)
at com.utility.configDataProvider.<init>(configDataProvider.java:12)
at com.utility.configDataProvider.<init>(configDataProvider.java:12)
at com.utility.configDataProvider.<init>(configDataProvider.java:12)
at com.utility.configDataProvider.<init>(configDataProvider.java:12)
at com.utility.configDataProvider.<init>(configDataProvider.java:12)
at com.utility.configDataProvider.<init>(configDataProvider.java:12)
at com.utility.configDataProvider.<init>(configDataProvider.java:12)
at com.utility.configDataProvider.<init>(configDataProvider.java:12)
at com.utility.configDataProvider.<init>(configDataProvider.java:12)
at com.utility.configDataProvider.<init>(configDataProvider.java:12)
at com.utility.configDataProvider.<init>(configDataProvider.java:12)
at com.utility.configDataProvider.<init>(configDataProvider.java:12)
at com.utility.configDataProvider.<init>(configDataProvider.java:12)
at com.utility.configDataProvider.<init>(configDataProvider.java:12)
at com.utility.configDataProvider.<init>(configDataProvider.java:12)
at com.utility.configDataProvider.<init>(configDataProvider.java:12)
at com.utility.configDataProvider.<init>(configDataProvider.java:12)
at com.utility.configDataProvider.<init>(configDataProvider.java:12)
at com.utility.configDataProvider.<init>(configDataProvider.java:12)
at com.utility.configDataProvider.<init>(configDataProvider.java:12)
at com.utility.configDataProvider.<init>(configDataProvider.java:12)
at com.utility.configDataProvider.<init>(configDataProvider.java:12)
at com.utility.configDataProvider.<init>(configDataProvider.java:12)
at com.utility.configDataProvider.<init>(configDataProvider.java:12)
at com.utility.configDataProvider.<init>(configDataProvider.java:12)
at com.utility.configDataProvider.<init>(configDataProvider.java:12)
at com.utility.configDataProvider.<init>(configDataProvider.java:12)
at com.utility.configDataProvider.<init>(configDataProvider.java:12)
at com.utility.configDataProvider.<init>(configDataProvider.java:12)
at com.utility.configDataProvider.<init>(configDataProvider.java:12)
at com.utility.configDataProvider.<init>(configDataProvider.java:12)
at com.utility.configDataProvider.<init>(configDataProvider.java:12)
at com.utility.configDataProvider.<init>(configDataProvider.java:12)
at com.utility.configDataProvider.<init>(configDataProvider.java:12)
at com.utility.configDataProvider.<init>(configDataProvider.java:12)
at com.utility.configDataProvider.<init>(configDataProvider.java:12)
at com.utility.configDataProvider.<init>(configDataProvider.java:12)
at com.utility.configDataProvider.<init>(configDataProvider.java:12)
at com.utility.configDataProvider.<init>(configDataProvider.java:12)
at com.utility.configDataProvider.<init>(configDataProvider.java:12)
at com.utility.configDataProvider.<init>(configDataProvider.java:12)
at com.utility.configDataProvider.<init>(configDataProvider.java:12)
at com.utility.configDataProvider.<init>(configDataProvider.java:12)
at com.utility.configDataProvider.<init>(configDataProvider.java:12)
at com.utility.configDataProvider.<init>(configDataProvider.java:12)
at com.utility.configDataProvider.<init>(configDataProvider.java:12)
at com.utility.configDataProvider.<init>(configDataProvider.java:12)
at com.utility.configDataProvider.<init>(configDataProvider.java:12)
at com.utility.configDataProvider.<init>(configDataProvider.java:12)
at com.utility.configDataProvider.<init>(configDataProvider.java:12)
at com.utility.configDataProvider.<init>(configDataProvider.java:12)
at com.utility.configDataProvider.<init>(configDataProvider.java:12)
at com.utility.configDataProvider.<init>(configDataProvider.java:12)
at com.utility.configDataProvider.<init>(configDataProvider.java:12)
at com.utility.configDataProvider.<init>(configDataProvider.java:12)
at com.utility.configDataProvider.<init>(configDataProvider.java:12)
at com.utility.configDataProvider.<init>(configDataProvider.java:12)
at com.utility.configDataProvider.<init>(configDataProvider.java:12)
at com.utility.configDataProvider.<init>(configDataProvider.java:12)
at com.utility.configDataProvider.<init>(configDataProvider.java:12)
at com.utility.configDataProvider.<init>(configDataProvider.java:12)
at com.utility.configDataProvider.<init>(configDataProvider.java:12)
at com.utility.configDataProvider.<init>(configDataProvider.java:12)
at com.utility.configDataProvider.<init>(configDataProvider.java:12)
at com.utility.configDataProvider.<init>(configDataProvider.java:12)
at com.utility.configDataProvider.<init>(configDataProvider.java:12)
at com.utility.configDataProvider.<init>(configDataProvider.java:12)
at com.utility.configDataProvider.<init>(configDataProvider.java:12)
at com.utility.configDataProvider.<init>(configDataProvider.java:12)
at com.utility.configDataProvider.<init>(configDataProvider.java:12)
at com.utility.configDataProvider.<init>(configDataProvider.java:12)
at com.utility.configDataProvider.<init>(configDataProvider.java:12)
at com.utility.configDataProvider.<init>(configDataProvider.java:12)
at com.utility.configDataProvider.<init>(configDataProvider.java:12)
at com.utility.configDataProvider.<init>(configDataProvider.java:12)
at com.utility.configDataProvider.<init>(configDataProvider.java:12)
at com.utility.configDataProvider.<init>(configDataProvider.java:12)
at com.utility.configDataProvider.<init>(configDataProvider.java:12)
at com.utility.configDataProvider.<init>(configDataProvider.java:12)
at com.utility.configDataProvider.<init>(configDataProvider.java:12)
at com.utility.configDataProvider.<init>(configDataProvider.java:12)
at com.utility.configDataProvider.<init>(configDataProvider.java:12)
at com.utility.configDataProvider.<init>(configDataProvider.java:12)
at com.utility.configDataProvider.<init>(configDataProvider.java:12)
at com.utility.configDataProvider.<init>(configDataProvider.java:12)
at com.utility.configDataProvider.<init>(configDataProvider.java:12)
at com.utility.configDataProvider.<init>(configDataProvider.java:12)
at com.utility.configDataProvider.<init>(configDataProvider.java:12)
at com.utility.configDataProvider.<init>(configDataProvider.java:12)
at com.utility.configDataProvider.<init>(configDataProvider.java:12)
at com.utility.configDataProvider.<init>(configDataProvider.java:12)
at com.utility.configDataProvider.<init>(configDataProvider.java:12)
at com.utility.configDataProvider.<init>(configDataProvider.java:12)
at com.utility.configDataProvider.<init>(configDataProvider.java:12)
at com.utility.configDataProvider.<init>(configDataProvider.java:12)
at com.utility.configDataProvider.<init>(configDataProvider.java:12)
at com.utility.configDataProvider.<init>(configDataProvider.java:12)
at com.utility.configDataProvider.<init>(configDataProvider.java:12)
at com.utility.configDataProvider.<init>(configDataProvider.java:12)
at com.utility.configDataProvider.<init>(configDataProvider.java:12)
at com.utility.configDataProvider.<init>(configDataProvider.java:12)
at com.utility.configDataProvider.<init>(configDataProvider.java:12)
at com.utility.configDataProvider.<init>(configDataProvider.java:12)
at com.utility.configDataProvider.<init>(configDataProvider.java:12)
at com.utility.configDataProvider.<init>(configDataProvider.java:12)
at com.utility.configDataProvider.<init>(configDataProvider.java:12)
at com.utility.configDataProvider.<init>(configDataProvider.java:12)
at com.utility.configDataProvider.<init>(configDataProvider.java:12)
at com.utility.configDataProvider.<init>(configDataProvider.java:12)
at com.utility.configDataProvider.<init>(configDataProvider.java:12)
at com.utility.configDataProvider.<init>(configDataProvider.java:12)
at com.utility.configDataProvider.<init>(configDataProvider.java:12)
at com.utility.configDataProvider.<init>(configDataProvider.java:12)
at com.utility.configDataProvider.<init>(configDataProvider.java:12)
at com.utility.configDataProvider.<init>(configDataProvider.java:12)
at com.utility.configDataProvider.<init>(configDataProvider.java:12)
at com.utility.configDataProvider.<init>(configDataProvider.java:12)
at com.utility.configDataProvider.<init>(configDataProvider.java:12)
at com.utility.configDataProvider.<init>(configDataProvider.java:12)
at com.utility.configDataProvider.<init>(configDataProvider.java:12)
at com.utility.configDataProvider.<init>(configDataProvider.java:12)
at com.utility.configDataProvider.<init>(configDataProvider.java:12)
at com.utility.configDataProvider.<init>(configDataProvider.java:12)
at com.utility.configDataProvider.<init>(configDataProvider.java:12)
at com.utility.configDataProvider.<init>(configDataProvider.java:12)
at com.utility.configDataProvider.<init>(configDataProvider.java:12)
at com.utility.configDataProvider.<init>(configDataProvider.java:12)
at com.utility.configDataProvider.<init>(configDataProvider.java:12)
at com.utility.configDataProvider.<init>(configDataProvider.java:12)
at com.utility.configDataProvider.<init>(configDataProvider.java:12)
at com.utility.configDataProvider.<init>(configDataProvider.java:12)
at com.utility.configDataProvider.<init>(configDataProvider.java:12)
at com.utility.configDataProvider.<init>(configDataProvider.java:12)
at com.utility.configDataProvider.<init>(configDataProvider.java:12)
at com.utility.configDataProvider.<init>(configDataProvider.java:12)
at com.utility.configDataProvider.<init>(configDataProvider.java:12)
at com.utility.configDataProvider.<init>(configDataProvider.java:12)
at com.utility.configDataProvider.<init>(configDataProvider.java:12)
at com.utility.configDataProvider.<init>(configDataProvider.java:12)
at com.utility.configDataProvider.<init>(configDataProvider.java:12)
at com.utility.configDataProvider.<init>(configDataProvider.java:12)
at com.utility.configDataProvider.<init>(configDataProvider.java:12)
at com.utility.configDataProvider.<init>(configDataProvider.java:12)
at com.utility.configDataProvider.<init>(configDataProvider.java:12)
at com.utility.configDataProvider.<init>(configDataProvider.java:12)
at com.utility.configDataProvider.<init>(configDataProvider.java:12)
at com.utility.configDataProvider.<init>(configDataProvider.java:12)
at com.utility.configDataProvider.<init>(configDataProvider.java:12)
at com.utility.configDataProvider.<init>(configDataProvider.java:12)
at com.utility.configDataProvider.<init>(configDataProvider.java:12)
at com.utility.configDataProvider.<init>(configDataProvider.java:12)
at com.utility.configDataProvider.<init>(configDataProvider.java:12)
at com.utility.configDataProvider.<init>(configDataProvider.java:12)
at com.utility.configDataProvider.<init>(configDataProvider.java:12)
at com.utility.configDataProvider.<init>(configDataProvider.java:12)
at com.utility.configDataProvider.<init>(configDataProvider.java:12)
at com.utility.configDataProvider.<init>(configDataProvider.java:12)
at com.utility.configDataProvider.<init>(configDataProvider.java:12)
at com.utility.configDataProvider.<init>(configDataProvider.java:12)
at com.utility.configDataProvider.<init>(configDataProvider.java:12)
at com.utility.configDataProvider.<init>(configDataProvider.java:12)
at com.utility.configDataProvider.<init>(configDataProvider.java:12)
at com.utility.configDataProvider.<init>(configDataProvider.java:12)
at com.utility.configDataProvider.<init>(configDataProvider.java:12)
at com.utility.configDataProvider.<init>(configDataProvider.java:12)
at com.utility.configDataProvider.<init>(configDataProvider.java:12)
at com.utility.configDataProvider.<init>(configDataProvider.java:12)
at com.utility.configDataProvider.<init>(configDataProvider.java:12)
at com.utility.configDataProvider.<init>(configDataProvider.java:12)
at com.utility.configDataProvider.<init>(configDataProvider.java:12)
at com.utility.configDataProvider.<init>(configDataProvider.java:12)
at com.utility.configDataProvider.<init>(configDataProvider.java:12)
at com.utility.configDataProvider.<init>(configDataProvider.java:12)
at com.utility.configDataProvider.<init>(configDataProvider.java:12)
at com.utility.configDataProvider.<init>(configDataProvider.java:12)
at com.utility.configDataProvider.<init>(configDataProvider.java:12)
at com.utility.configDataProvider.<init>(configDataProvider.java:12)
at com.utility.configDataProvider.<init>(configDataProvider.java:12)
at com.utility.configDataProvider.<init>(configDataProvider.java:12)
at com.utility.configDataProvider.<init>(configDataProvider.java:12)
at com.utility.configDataProvider.<init>(configDataProvider.java:12)
at com.utility.configDataProvider.<init>(configDataProvider.java:12)
at com.utility.configDataProvider.<init>(configDataProvider.java:12)
at com.utility.configDataProvider.<init>(configDataProvider.java:12)
at com.utility.configDataProvider.<init>(configDataProvider.java:12)
at com.utility.configDataProvider.<init>(configDataProvider.java:12)
at com.utility.configDataProvider.<init>(configDataProvider.java:12)
at com.utility.configDataProvider.<init>(configDataProvider.java:12)
at com.utility.configDataProvider.<init>(configDataProvider.java:12)
at com.utility.configDataProvider.<init>(configDataProvider.java:12)
at com.utility.configDataProvider.<init>(configDataProvider.java:12)
at com.utility.configDataProvider.<init>(configDataProvider.java:12)
at com.utility.configDataProvider.<init>(configDataProvider.java:12)
at com.utility.configDataProvider.<init>(configDataProvider.java:12)
at com.utility.configDataProvider.<init>(configDataProvider.java:12)
at com.utility.configDataProvider.<init>(configDataProvider.java:12)
at com.utility.configDataProvider.<init>(configDataProvider.java:12)
at com.utility.configDataProvider.<init>(configDataProvider.java:12)
at com.utility.configDataProvider.<init>(configDataProvider.java:12)
at com.utility.configDataProvider.<init>(configDataProvider.java:12)
at com.utility.configDataProvider.<init>(configDataProvider.java:12)
at com.utility.configDataProvider.<init>(configDataProvider.java:12)
at com.utility.configDataProvider.<init>(configDataProvider.java:12)
at com.utility.configDataProvider.<init>(configDataProvider.java:12)
at com.utility.configDataProvider.<init>(configDataProvider.java:12)
at com.utility.configDataProvider.<init>(configDataProvider.java:12)
at com.utility.configDataProvider.<init>(configDataProvider.java:12)
at com.utility.configDataProvider.<init>(configDataProvider.java:12)
at com.utility.configDataProvider.<init>(configDataProvider.java:12)
at com.utility.configDataProvider.<init>(configDataProvider.java:12)
at com.utility.configDataProvider.<init>(configDataProvider.java:12)
at com.utility.configDataProvider.<init>(configDataProvider.java:12)
at com.utility.configDataProvider.<init>(configDataProvider.java:12)
at com.utility.configDataProvider.<init>(configDataProvider.java:12)
at com.utility.configDataProvider.<init>(configDataProvider.java:12)
at com.utility.configDataProvider.<init>(configDataProvider.java:12)
at com.utility.configDataProvider.<init>(configDataProvider.java:12)
at com.utility.configDataProvider.<init>(configDataProvider.java:12)
at com.utility.configDataProvider.<init>(configDataProvider.java:12)
at com.utility.configDataProvider.<init>(configDataProvider.java:12)
at com.utility.configDataProvider.<init>(configDataProvider.java:12)
at com.utility.configDataProvider.<init>(configDataProvider.java:12)
at com.utility.configDataProvider.<init>(configDataProvider.java:12)
at com.utility.configDataProvider.<init>(configDataProvider.java:12)
at com.utility.configDataProvider.<init>(configDataProvider.java:12)
at com.utility.configDataProvider.<init>(configDataProvider.java:12)
at com.utility.configDataProvider.<init>(configDataProvider.java:12)
at com.utility.configDataProvider.<init>(configDataProvider.java:12)
at com.utility.configDataProvider.<init>(configDataProvider.java:12)
at com.utility.configDataProvider.<init>(configDataProvider.java:12)
at com.utility.configDataProvider.<init>(configDataProvider.java:12)
at com.utility.configDataProvider.<init>(configDataProvider.java:12)
at com.utility.configDataProvider.<init>(configDataProvider.java:12)
at com.utility.configDataProvider.<init>(configDataProvider.java:12)
at com.utility.configDataProvider.<init>(configDataProvider.java:12)
at com.utility.configDataProvider.<init>(configDataProvider.java:12)
at com.utility.configDataProvider.<init>(configDataProvider.java:12)
at com.utility.configDataProvider.<init>(configDataProvider.java:12)
at com.utility.configDataProvider.<init>(configDataProvider.java:12)
at com.utility.configDataProvider.<init>(configDataProvider.java:12)
at com.utility.configDataProvider.<init>(configDataProvider.java:12)
at com.utility.configDataProvider.<init>(configDataProvider.java:12)
at com.utility.configDataProvider.<init>(configDataProvider.java:12)
at com.utility.configDataProvider.<init>(configDataProvider.java:12)
at com.utility.configDataProvider.<init>(configDataProvider.java:12)
at com.utility.configDataProvider.<init>(configDataProvider.java:12)
at com.utility.configDataProvider.<init>(configDataProvider.java:12)
at com.utility.configDataProvider.<init>(configDataProvider.java:12)
at com.utility.configDataProvider.<init>(configDataProvider.java:12)
at com.utility.configDataProvider.<init>(configDataProvider.java:12)
at com.utility.configDataProvider.<init>(configDataProvider.java:12)
at com.utility.configDataProvider.<init>(configDataProvider.java:12)
at com.utility.configDataProvider.<init>(configDataProvider.java:12)
at com.utility.configDataProvider.<init>(configDataProvider.java:12)
at com.utility.configDataProvider.<init>(configDataProvider.java:12)
at com.utility.configDataProvider.<init>(configDataProvider.java:12)
at com.utility.configDataProvider.<init>(configDataProvider.java:12)
at com.utility.configDataProvider.<init>(configDataProvider.java:12)
at com.utility.configDataProvider.<init>(configDataProvider.java:12)
at com.utility.configDataProvider.<init>(configDataProvider.java:12)
at com.utility.configDataProvider.<init>(configDataProvider.java:12)
at com.utility.configDataProvider.<init>(configDataProvider.java:12)
at com.utility.configDataProvider.<init>(configDataProvider.java:12)
at com.utility.configDataProvider.<init>(configDataProvider.java:12)
at com.utility.configDataProvider.<init>(configDataProvider.java:12)
at com.utility.configDataProvider.<init>(configDataProvider.java:12)
at com.utility.configDataProvider.<init>(configDataProvider.java:12)
at com.utility.configDataProvider.<init>(configDataProvider.java:12)
at com.utility.configDataProvider.<init>(configDataProvider.java:12)
at com.utility.configDataProvider.<init>(configDataProvider.java:12)
at com.utility.configDataProvider.<init>(configDataProvider.java:12)
at com.utility.configDataProvider.<init>(configDataProvider.java:12)
at com.utility.configDataProvider.<init>(configDataProvider.java:12)
at com.utility.configDataProvider.<init>(configDataProvider.java:12)
at com.utility.configDataProvider.<init>(configDataProvider.java:12)
at com.utility.configDataProvider.<init>(configDataProvider.java:12)
at com.utility.configDataProvider.<init>(configDataProvider.java:12)
at com.utility.configDataProvider.<init>(configDataProvider.java:12)
at com.utility.configDataProvider.<init>(configDataProvider.java:12)
at com.utility.configDataProvider.<init>(configDataProvider.java:12)
at com.utility.configDataProvider.<init>(configDataProvider.java:12)
at com.utility.configDataProvider.<init>(configDataProvider.java:12)
at com.utility.configDataProvider.<init>(configDataProvider.java:12)
at com.utility.configDataProvider.<init>(configDataProvider.java:12)
at com.utility.configDataProvider.<init>(configDataProvider.java:12)
at com.utility.configDataProvider.<init>(configDataProvider.java:12)
at com.utility.configDataProvider.<init>(configDataProvider.java:12)
at com.utility.configDataProvider.<init>(configDataProvider.java:12)
at com.utility.configDataProvider.<init>(configDataProvider.java:12)
at com.utility.configDataProvider.<init>(configDataProvider.java:12)
at com.utility.configDataProvider.<init>(configDataProvider.java:12)
at com.utility.configDataProvider.<init>(configDataProvider.java:12)
at com.utility.configDataProvider.<init>(configDataProvider.java:12)
at com.utility.configDataProvider.<init>(configDataProvider.java:12)
at com.utility.configDataProvider.<init>(configDataProvider.java:12)
at com.utility.configDataProvider.<init>(configDataProvider.java:12)
at com.utility.configDataProvider.<init>(configDataProvider.java:12)
at com.utility.configDataProvider.<init>(configDataProvider.java:12)
at com.utility.configDataProvider.<init>(configDataProvider.java:12)
at com.utility.configDataProvider.<init>(configDataProvider.java:12)
at com.utility.configDataProvider.<init>(configDataProvider.java:12)
at com.utility.configDataProvider.<init>(configDataProvider.java:12)
at com.utility.configDataProvider.<init>(configDataProvider.java:12)
at com.utility.configDataProvider.<init>(configDataProvider.java:12)
at com.utility.configDataProvider.<init>(configDataProvider.java:12)
at com.utility.configDataProvider.<init>(configDataProvider.java:12)
at com.utility.configDataProvider.<init>(configDataProvider.java:12)
at com.utility.configDataProvider.<init>(configDataProvider.java:12)
at com.utility.configDataProvider.<init>(configDataProvider.java:12)
at com.utility.configDataProvider.<init>(configDataProvider.java:12)
at com.utility.configDataProvider.<init>(configDataProvider.java:12)
at com.utility.configDataProvider.<init>(configDataProvider.java:12)
at com.utility.configDataProvider.<init>(configDataProvider.java:12)
at com.utility.configDataProvider.<init>(configDataProvider.java:12)
at com.utility.configDataProvider.<init>(configDataProvider.java:12)
at com.utility.configDataProvider.<init>(configDataProvider.java:12)
at com.utility.configDataProvider.<init>(configDataProvider.java:12)
at com.utility.configDataProvider.<init>(configDataProvider.java:12)
at com.utility.configDataProvider.<init>(configDataProvider.java:12)
at com.utility.configDataProvider.<init>(configDataProvider.java:12)
at com.utility.configDataProvider.<init>(configDataProvider.java:12)
at com.utility.configDataProvider.<init>(configDataProvider.java:12)
at com.utility.configDataProvider.<init>(configDataProvider.java:12)
at com.utility.configDataProvider.<init>(configDataProvider.java:12)
at com.utility.configDataProvider.<init>(configDataProvider.java:12)
at com.utility.configDataProvider.<init>(configDataProvider.java:12)
at com.utility.configDataProvider.<init>(configDataProvider.java:12)
at com.utility.configDataProvider.<init>(configDataProvider.java:12)
at com.utility.configDataProvider.<init>(configDataProvider.java:12)
at com.utility.configDataProvider.<init>(configDataProvider.java:12)
at com.utility.configDataProvider.<init>(configDataProvider.java:12)
at com.utility.configDataProvider.<init>(configDataProvider.java:12)
at com.utility.configDataProvider.<init>(configDataProvider.java:12)
at com.utility.configDataProvider.<init>(configDataProvider.java:12)
at com.utility.configDataProvider.<init>(configDataProvider.java:12)
at com.utility.configDataProvider.<init>(configDataProvider.java:12)
at com.utility.configDataProvider.<init>(configDataProvider.java:12)
at com.utility.configDataProvider.<init>(configDataProvider.java:12)
at com.utility.configDataProvider.<init>(configDataProvider.java:12)
at com.utility.configDataProvider.<init>(configDataProvider.java:12)
at com.utility.configDataProvider.<init>(configDataProvider.java:12)
at com.utility.configDataProvider.<init>(configDataProvider.java:12)
at com.utility.configDataProvider.<init>(configDataProvider.java:12)
at com.utility.configDataProvider.<init>(configDataProvider.java:12)
at com.utility.configDataProvider.<init>(configDataProvider.java:12)
at com.utility.configDataProvider.<init>(configDataProvider.java:12)
at com.utility.configDataProvider.<init>(configDataProvider.java:12)
at com.utility.configDataProvider.<init>(configDataProvider.java:12)
at com.utility.configDataProvider.<init>(configDataProvider.java:12)
at com.utility.configDataProvider.<init>(configDataProvider.java:12)
at com.utility.configDataProvider.<init>(configDataProvider.java:12)
at com.utility.configDataProvider.<init>(configDataProvider.java:12)
at com.utility.configDataProvider.<init>(configDataProvider.java:12)
at com.utility.configDataProvider.<init>(configDataProvider.java:12)
at com.utility.configDataProvider.<init>(configDataProvider.java:12)
at com.utility.configDataProvider.<init>(configDataProvider.java:12)
at com.utility.configDataProvider.<init>(configDataProvider.java:12)
at com.utility.configDataProvider.<init>(configDataProvider.java:12)
at com.utility.configDataProvider.<init>(configDataProvider.java:12)
at com.utility.configDataProvider.<init>(configDataProvider.java:12)
at com.utility.configDataProvider.<init>(configDataProvider.java:12)
at com.utility.configDataProvider.<init>(configDataProvider.java:12)
at com.utility.configDataProvider.<init>(configDataProvider.java:12)
at com.utility.configDataProvider.<init>(configDataProvider.java:12)
at com.utility.configDataProvider.<init>(configDataProvider.java:12)
at com.utility.configDataProvider.<init>(configDataProvider.java:12)
at com.utility.configDataProvider.<init>(configDataProvider.java:12)
at com.utility.configDataProvider.<init>(configDataProvider.java:12)
at com.utility.configDataProvider.<init>(configDataProvider.java:12)
at com.utility.configDataProvider.<init>(configDataProvider.java:12)
at com.utility.configDataProvider.<init>(configDataProvider.java:12)
at com.utility.configDataProvider.<init>(configDataProvider.java:12)
at com.utility.configDataProvider.<init>(configDataProvider.java:12)
at com.utility.configDataProvider.<init>(configDataProvider.java:12)
at com.utility.configDataProvider.<init>(configDataProvider.java:12)
at com.utility.configDataProvider.<init>(configDataProvider.java:12)
at com.utility.configDataProvider.<init>(configDataProvider.java:12)
at com.utility.configDataProvider.<init>(configDataProvider.java:12)
at com.utility.configDataProvider.<init>(configDataProvider.java:12)
at com.utility.configDataProvider.<init>(configDataProvider.java:12)
at com.utility.configDataProvider.<init>(configDataProvider.java:12)
at com.utility.configDataProvider.<init>(configDataProvider.java:12)
at com.utility.configDataProvider.<init>(configDataProvider.java:12)
at com.utility.configDataProvider.<init>(configDataProvider.java:12)
at com.utility.configDataProvider.<init>(configDataProvider.java:12)
at com.utility.configDataProvider.<init>(configDataProvider.java:12)
at com.utility.configDataProvider.<init>(configDataProvider.java:12)
at com.utility.configDataProvider.<init>(configDataProvider.java:12)
at com.utility.configDataProvider.<init>(configDataProvider.java:12)
at com.utility.configDataProvider.<init>(configDataProvider.java:12)
at com.utility.configDataProvider.<init>(configDataProvider.java:12)
at com.utility.configDataProvider.<init>(configDataProvider.java:12)
at com.utility.configDataProvider.<init>(configDataProvider.java:12)
at com.utility.configDataProvider.<init>(configDataProvider.java:12)
at com.utility.configDataProvider.<init>(configDataProvider.java:12)
at com.utility.configDataProvider.<init>(configDataProvider.java:12)
at com.utility.configDataProvider.<init>(configDataProvider.java:12)
at com.utility.configDataProvider.<init>(configDataProvider.java:12)
at com.utility.configDataProvider.<init>(configDataProvider.java:12)
at com.utility.configDataProvider.<init>(configDataProvider.java:12)
at com.utility.configDataProvider.<init>(configDataProvider.java:12)
at com.utility.configDataProvider.<init>(configDataProvider.java:12)
at com.utility.configDataProvider.<init>(configDataProvider.java:12)
at com.utility.configDataProvider.<init>(configDataProvider.java:12)
at com.utility.configDataProvider.<init>(configDataProvider.java:12)
at com.utility.configDataProvider.<init>(configDataProvider.java:12)
at com.utility.configDataProvider.<init>(configDataProvider.java:12)
at com.utility.configDataProvider.<init>(configDataProvider.java:12)
at com.utility.configDataProvider.<init>(configDataProvider.java:12)
at com.utility.configDataProvider.<init>(configDataProvider.java:12)
at com.utility.configDataProvider.<init>(configDataProvider.java:12)
at com.utility.configDataProvider.<init>(configDataProvider.java:12)
at com.utility.configDataProvider.<init>(configDataProvider.java:12)
at com.utility.configDataProvider.<init>(configDataProvider.java:12)
at com.utility.configDataProvider.<init>(configDataProvider.java:12)
at com.utility.configDataProvider.<init>(configDataProvider.java:12)
at com.utility.configDataProvider.<init>(configDataProvider.java:12)
at com.utility.configDataProvider.<init>(configDataProvider.java:12)
at com.utility.configDataProvider.<init>(configDataProvider.java:12)
at com.utility.configDataProvider.<init>(configDataProvider.java:12)
at com.utility.configDataProvider.<init>(configDataProvider.java:12)
at com.utility.configDataProvider.<init>(configDataProvider.java:12)
at com.utility.configDataProvider.<init>(configDataProvider.java:12)
at com.utility.configDataProvider.<init>(configDataProvider.java:12)
at com.utility.configDataProvider.<init>(configDataProvider.java:12)
at com.utility.configDataProvider.<init>(configDataProvider.java:12)
at com.utility.configDataProvider.<init>(configDataProvider.java:12)
at com.utility.configDataProvider.<init>(configDataProvider.java:12)
at com.utility.configDataProvider.<init>(configDataProvider.java:12)
at com.utility.configDataProvider.<init>(configDataProvider.java:12)
at com.utility.configDataProvider.<init>(configDataProvider.java:12)
at com.utility.configDataProvider.<init>(configDataProvider.java:12)
at com.utility.configDataProvider.<init>(configDataProvider.java:12)
at com.utility.configDataProvider.<init>(configDataProvider.java:12)
at com.utility.configDataProvider.<init>(configDataProvider.java:12)
at com.utility.configDataProvider.<init>(configDataProvider.java:12)
at com.utility.configDataProvider.<init>(configDataProvider.java:12)
at com.utility.configDataProvider.<init>(configDataProvider.java:12)
at com.utility.configDataProvider.<init>(configDataProvider.java:12)
at com.utility.configDataProvider.<init>(configDataProvider.java:12)
at com.utility.configDataProvider.<init>(configDataProvider.java:12)
at com.utility.configDataProvider.<init>(configDataProvider.java:12)
at com.utility.configDataProvider.<init>(configDataProvider.java:12)
at com.utility.configDataProvider.<init>(configDataProvider.java:12)
at com.utility.configDataProvider.<init>(configDataProvider.java:12)
at com.utility.configDataProvider.<init>(configDataProvider.java:12)
at com.utility.configDataProvider.<init>(configDataProvider.java:12)
at com.utility.configDataProvider.<init>(configDataProvider.java:12)
at com.utility.configDataProvider.<init>(configDataProvider.java:12)
at com.utility.configDataProvider.<init>(configDataProvider.java:12)
at com.utility.configDataProvider.<init>(configDataProvider.java:12)
at com.utility.configDataProvider.<init>(configDataProvider.java:12)
at com.utility.configDataProvider.<init>(configDataProvider.java:12)
at com.utility.configDataProvider.<init>(configDataProvider.java:12)
at com.utility.configDataProvider.<init>(configDataProvider.java:12)
at com.utility.configDataProvider.<init>(configDataProvider.java:12)
at com.utility.configDataProvider.<init>(configDataProvider.java:12)
at com.utility.configDataProvider.<init>(configDataProvider.java:12)
at com.utility.configDataProvider.<init>(configDataProvider.java:12)
at com.utility.configDataProvider.<init>(configDataProvider.java:12)
at com.utility.configDataProvider.<init>(configDataProvider.java:12)
at com.utility.configDataProvider.<init>(configDataProvider.java:12)
at com.utility.configDataProvider.<init>(configDataProvider.java:12)
at com.utility.configDataProvider.<init>(configDataProvider.java:12)
at com.utility.configDataProvider.<init>(configDataProvider.java:12)
at com.utility.configDataProvider.<init>(configDataProvider.java:12)
at com.utility.configDataProvider.<init>(configDataProvider.java:12)
at com.utility.configDataProvider.<init>(configDataProvider.java:12)
at com.utility.configDataProvider.<init>(configDataProvider.java:12)
at com.utility.configDataProvider.<init>(configDataProvider.java:12)
at com.utility.configDataProvider.<init>(configDataProvider.java:12)
at com.utility.configDataProvider.<init>(configDataProvider.java:12)
at com.utility.configDataProvider.<init>(configDataProvider.java:12)
at com.utility.configDataProvider.<init>(configDataProvider.java:12)
at com.utility.configDataProvider.<init>(configDataProvider.java:12)
at com.utility.configDataProvider.<init>(configDataProvider.java:12)
at com.utility.configDataProvider.<init>(configDataProvider.java:12)
at com.utility.configDataProvider.<init>(configDataProvider.java:12)
at com.utility.configDataProvider.<init>(configDataProvider.java:12)
at com.utility.configDataProvider.<init>(configDataProvider.java:12)
at com.utility.configDataProvider.<init>(configDataProvider.java:12)
at com.utility.configDataProvider.<init>(configDataProvider.java:12)
at com.utility.configDataProvider.<init>(configDataProvider.java:12)
at com.utility.configDataProvider.<init>(configDataProvider.java:12)
at com.utility.configDataProvider.<init>(configDataProvider.java:12)
at com.utility.configDataProvider.<init>(configDataProvider.java:12)
at com.utility.configDataProvider.<init>(configDataProvider.java:12)
at com.utility.configDataProvider.<init>(configDataProvider.java:12)
at com.utility.configDataProvider.<init>(configDataProvider.java:12)
at com.utility.configDataProvider.<init>(configDataProvider.java:12)
at com.utility.configDataProvider.<init>(configDataProvider.java:12)
at com.utility.configDataProvider.<init>(configDataProvider.java:12)
at com.utility.configDataProvider.<init>(configDataProvider.java:12)
at com.utility.configDataProvider.<init>(configDataProvider.java:12)
at com.utility.configDataProvider.<init>(configDataProvider.java:12)
at com.utility.configDataProvider.<init>(configDataProvider.java:12)
at com.utility.configDataProvider.<init>(configDataProvider.java:12)
at com.utility.configDataProvider.<init>(configDataProvider.java:12)
at com.utility.configDataProvider.<init>(configDataProvider.java:12)
at com.utility.configDataProvider.<init>(configDataProvider.java:12)
at com.utility.configDataProvider.<init>(configDataProvider.java:12)
at com.utility.configDataProvider.<init>(configDataProvider.java:12)
at com.utility.configDataProvider.<init>(configDataProvider.java:12)
at com.utility.configDataProvider.<init>(configDataProvider.java:12)
at com.utility.configDataProvider.<init>(configDataProvider.java:12)
at com.utility.configDataProvider.<init>(configDataProvider.java:12)
at com.utility.configDataProvider.<init>(configDataProvider.java:12)
at com.utility.configDataProvider.<init>(configDataProvider.java:12)
at com.utility.configDataProvider.<init>(configDataProvider.java:12)
at com.utility.configDataProvider.<init>(configDataProvider.java:12)
at com.utility.configDataProvider.<init>(configDataProvider.java:12)
at com.utility.configDataProvider.<init>(configDataProvider.java:12)
at com.utility.configDataProvider.<init>(configDataProvider.java:12)
at com.utility.configDataProvider.<init>(configDataProvider.java:12)
at com.utility.configDataProvider.<init>(configDataProvider.java:12)
at com.utility.configDataProvider.<init>(configDataProvider.java:12)
at com.utility.configDataProvider.<init>(configDataProvider.java:12)
at com.utility.configDataProvider.<init>(configDataProvider.java:12)
at com.utility.configDataProvider.<init>(configDataProvider.java:12)
at com.utility.configDataProvider.<init>(configDataProvider.java:12)
at com.utility.configDataProvider.<init>(configDataProvider.java:12)
at com.utility.configDataProvider.<init>(configDataProvider.java:12)
at com.utility.configDataProvider.<init>(configDataProvider.java:12)
at com.utility.configDataProvider.<init>(configDataProvider.java:12)
at com.utility.configDataProvider.<init>(configDataProvider.java:12)
at com.utility.configDataProvider.<init>(configDataProvider.java:12)
at com.utility.configDataProvider.<init>(configDataProvider.java:12)
at com.utility.configDataProvider.<init>(configDataProvider.java:12)
at com.utility.configDataProvider.<init>(configDataProvider.java:12)
at com.utility.configDataProvider.<init>(configDataProvider.java:12)
at com.utility.configDataProvider.<init>(configDataProvider.java:12)
at com.utility.configDataProvider.<init>(configDataProvider.java:12)
at com.utility.configDataProvider.<init>(configDataProvider.java:12)
at com.utility.configDataProvider.<init>(configDataProvider.java:12)
at com.utility.configDataProvider.<init>(configDataProvider.java:12)
at com.utility.configDataProvider.<init>(configDataProvider.java:12)
at com.utility.configDataProvider.<init>(configDataProvider.java:12)
at com.utility.configDataProvider.<init>(configDataProvider.java:12)
at com.utility.configDataProvider.<init>(configDataProvider.java:12)
at com.utility.configDataProvider.<init>(configDataProvider.java:12)
at com.utility.configDataProvider.<init>(configDataProvider.java:12)
at com.utility.configDataProvider.<init>(configDataProvider.java:12)
at com.utility.configDataProvider.<init>(configDataProvider.java:12)
at com.utility.configDataProvider.<init>(configDataProvider.java:12)
at com.utility.configDataProvider.<init>(configDataProvider.java:12)
at com.utility.configDataProvider.<init>(configDataProvider.java:12)
at com.utility.configDataProvider.<init>(configDataProvider.java:12)
at com.utility.configDataProvider.<init>(configDataProvider.java:12)
at com.utility.configDataProvider.<init>(configDataProvider.java:12)
at com.utility.configDataProvider.<init>(configDataProvider.java:12)
at com.utility.configDataProvider.<init>(configDataProvider.java:12)
at com.utility.configDataProvider.<init>(configDataProvider.java:12)
at com.utility.configDataProvider.<init>(configDataProvider.java:12)
at com.utility.configDataProvider.<init>(configDataProvider.java:12)
at com.utility.configDataProvider.<init>(configDataProvider.java:12)
at com.utility.configDataProvider.<init>(configDataProvider.java:12)
at com.utility.configDataProvider.<init>(configDataProvider.java:12)
at com.utility.configDataProvider.<init>(configDataProvider.java:12)
at com.utility.configDataProvider.<init>(configDataProvider.java:12)
at com.utility.configDataProvider.<init>(configDataProvider.java:12)
at com.utility.configDataProvider.<init>(configDataProvider.java:12)
at com.utility.configDataProvider.<init>(configDataProvider.java:12)
at com.utility.configDataProvider.<init>(configDataProvider.java:12)
at com.utility.configDataProvider.<init>(configDataProvider.java:12)
at com.utility.configDataProvider.<init>(configDataProvider.java:12)
at com.utility.configDataProvider.<init>(configDataProvider.java:12)
at com.utility.configDataProvider.<init>(configDataProvider.java:12)
at com.utility.configDataProvider.<init>(configDataProvider.java:12)
at com.utility.configDataProvider.<init>(configDataProvider.java:12)
at com.utility.configDataProvider.<init>(configDataProvider.java:12)
at com.utility.configDataProvider.<init>(configDataProvider.java:12)
at com.utility.configDataProvider.<init>(configDataProvider.java:12)
at com.utility.configDataProvider.<init>(configDataProvider.java:12)
at com.utility.configDataProvider.<init>(configDataProvider.java:12)
at com.utility.configDataProvider.<init>(configDataProvider.java:12)
at com.utility.configDataProvider.<init>(configDataProvider.java:12)
at com.utility.configDataProvider.<init>(configDataProvider.java:12)
at com.utility.configDataProvider.<init>(configDataProvider.java:12)
at com.utility.configDataProvider.<init>(configDataProvider.java:12)
at com.utility.configDataProvider.<init>(configDataProvider.java:12)
at com.utility.configDataProvider.<init>(configDataProvider.java:12)
]]>
            </full-stacktrace>
          </exception> <!-- java.lang.StackOverflowError -->
          <reporter-output>
          </reporter-output>
        </test-method> <!-- Baseclass1 -->
        <test-method is-config="true" signature="bm(java.lang.String)[pri:0, instance:com.test.test1@293a5bf6]" started-at="2022-10-09T12:46:47 IST" name="bm" finished-at="1970-01-01T05:30:00 IST" duration-ms="-1665299807320" status="SKIP">
          <reporter-output>
          </reporter-output>
        </test-method> <!-- bm -->
        <test-method signature="verify_test1()[pri:0, instance:com.test.test1@293a5bf6]" started-at="2022-10-09T12:46:47 IST" name="verify_test1" finished-at="2022-10-09T12:46:47 IST" duration-ms="0" status="SKIP">
          <exception class="java.lang.StackOverflowError">
            <full-stacktrace>
              <![CDATA[java.lang.StackOverflowError
at java.base/java.io.File.<init>(File.java:280)
at java.base/java.io.FileInputStream.<init>(FileInputStream.java:111)
at com.utility.configDataProvider.<init>(configDataProvider.java:11)
at com.utility.configDataProvider.<init>(configDataProvider.java:12)
at com.utility.configDataProvider.<init>(configDataProvider.java:12)
at com.utility.configDataProvider.<init>(configDataProvider.java:12)
at com.utility.configDataProvider.<init>(configDataProvider.java:12)
at com.utility.configDataProvider.<init>(configDataProvider.java:12)
at com.utility.configDataProvider.<init>(configDataProvider.java:12)
at com.utility.configDataProvider.<init>(configDataProvider.java:12)
at com.utility.configDataProvider.<init>(configDataProvider.java:12)
at com.utility.configDataProvider.<init>(configDataProvider.java:12)
at com.utility.configDataProvider.<init>(configDataProvider.java:12)
at com.utility.configDataProvider.<init>(configDataProvider.java:12)
at com.utility.configDataProvider.<init>(configDataProvider.java:12)
at com.utility.configDataProvider.<init>(configDataProvider.java:12)
at com.utility.configDataProvider.<init>(configDataProvider.java:12)
at com.utility.configDataProvider.<init>(configDataProvider.java:12)
at com.utility.configDataProvider.<init>(configDataProvider.java:12)
at com.utility.configDataProvider.<init>(configDataProvider.java:12)
at com.utility.configDataProvider.<init>(configDataProvider.java:12)
at com.utility.configDataProvider.<init>(configDataProvider.java:12)
at com.utility.configDataProvider.<init>(configDataProvider.java:12)
at com.utility.configDataProvider.<init>(configDataProvider.java:12)
at com.utility.configDataProvider.<init>(configDataProvider.java:12)
at com.utility.configDataProvider.<init>(configDataProvider.java:12)
at com.utility.configDataProvider.<init>(configDataProvider.java:12)
at com.utility.configDataProvider.<init>(configDataProvider.java:12)
at com.utility.configDataProvider.<init>(configDataProvider.java:12)
at com.utility.configDataProvider.<init>(configDataProvider.java:12)
at com.utility.configDataProvider.<init>(configDataProvider.java:12)
at com.utility.configDataProvider.<init>(configDataProvider.java:12)
at com.utility.configDataProvider.<init>(configDataProvider.java:12)
at com.utility.configDataProvider.<init>(configDataProvider.java:12)
at com.utility.configDataProvider.<init>(configDataProvider.java:12)
at com.utility.configDataProvider.<init>(configDataProvider.java:12)
at com.utility.configDataProvider.<init>(configDataProvider.java:12)
at com.utility.configDataProvider.<init>(configDataProvider.java:12)
at com.utility.configDataProvider.<init>(configDataProvider.java:12)
at com.utility.configDataProvider.<init>(configDataProvider.java:12)
at com.utility.configDataProvider.<init>(configDataProvider.java:12)
at com.utility.configDataProvider.<init>(configDataProvider.java:12)
at com.utility.configDataProvider.<init>(configDataProvider.java:12)
at com.utility.configDataProvider.<init>(configDataProvider.java:12)
at com.utility.configDataProvider.<init>(configDataProvider.java:12)
at com.utility.configDataProvider.<init>(configDataProvider.java:12)
at com.utility.configDataProvider.<init>(configDataProvider.java:12)
at com.utility.configDataProvider.<init>(configDataProvider.java:12)
at com.utility.configDataProvider.<init>(configDataProvider.java:12)
at com.utility.configDataProvider.<init>(configDataProvider.java:12)
at com.utility.configDataProvider.<init>(configDataProvider.java:12)
at com.utility.configDataProvider.<init>(configDataProvider.java:12)
at com.utility.configDataProvider.<init>(configDataProvider.java:12)
at com.utility.configDataProvider.<init>(configDataProvider.java:12)
at com.utility.configDataProvider.<init>(configDataProvider.java:12)
at com.utility.configDataProvider.<init>(configDataProvider.java:12)
at com.utility.configDataProvider.<init>(configDataProvider.java:12)
at com.utility.configDataProvider.<init>(configDataProvider.java:12)
at com.utility.configDataProvider.<init>(configDataProvider.java:12)
at com.utility.configDataProvider.<init>(configDataProvider.java:12)
at com.utility.configDataProvider.<init>(configDataProvider.java:12)
at com.utility.configDataProvider.<init>(configDataProvider.java:12)
at com.utility.configDataProvider.<init>(configDataProvider.java:12)
at com.utility.configDataProvider.<init>(configDataProvider.java:12)
at com.utility.configDataProvider.<init>(configDataProvider.java:12)
at com.utility.configDataProvider.<init>(configDataProvider.java:12)
at com.utility.configDataProvider.<init>(configDataProvider.java:12)
at com.utility.configDataProvider.<init>(configDataProvider.java:12)
at com.utility.configDataProvider.<init>(configDataProvider.java:12)
at com.utility.configDataProvider.<init>(configDataProvider.java:12)
at com.utility.configDataProvider.<init>(configDataProvider.java:12)
at com.utility.configDataProvider.<init>(configDataProvider.java:12)
at com.utility.configDataProvider.<init>(configDataProvider.java:12)
at com.utility.configDataProvider.<init>(configDataProvider.java:12)
at com.utility.configDataProvider.<init>(configDataProvider.java:12)
at com.utility.configDataProvider.<init>(configDataProvider.java:12)
at com.utility.configDataProvider.<init>(configDataProvider.java:12)
at com.utility.configDataProvider.<init>(configDataProvider.java:12)
at com.utility.configDataProvider.<init>(configDataProvider.java:12)
at com.utility.configDataProvider.<init>(configDataProvider.java:12)
at com.utility.configDataProvider.<init>(configDataProvider.java:12)
at com.utility.configDataProvider.<init>(configDataProvider.java:12)
at com.utility.configDataProvider.<init>(configDataProvider.java:12)
at com.utility.configDataProvider.<init>(configDataProvider.java:12)
at com.utility.configDataProvider.<init>(configDataProvider.java:12)
at com.utility.configDataProvider.<init>(configDataProvider.java:12)
at com.utility.configDataProvider.<init>(configDataProvider.java:12)
at com.utility.configDataProvider.<init>(configDataProvider.java:12)
at com.utility.configDataProvider.<init>(configDataProvider.java:12)
at com.utility.configDataProvider.<init>(configDataProvider.java:12)
at com.utility.configDataProvider.<init>(configDataProvider.java:12)
at com.utility.configDataProvider.<init>(configDataProvider.java:12)
at com.utility.configDataProvider.<init>(configDataProvider.java:12)
[...]
at com.utility.configDataProvider.<init>(configDataProvider.java:12)
at com.utility.configDataProvider.<init>(configDataProvider.java:12)
at com.utility.configDataProvider.<init>(configDataProvider.java:12)
at com.utility.configDataProvider.<init>(configDataProvider.java:12)
at com.utility.configDataProvider.<init>(configDataProvider.java:12)
at com.utility.configDataProvider.<init>(configDataProvider.java:12)
at com.utility.configDataProvider.<init>(configDataProvider.java:12)
at com.utility.configDataProvider.<init>(configDataProvider.java:12)
at com.utility.configDataProvider.<init>(configDataProvider.java:12)
at com.utility.configDataProvider.<init>(configDataProvider.java:12)
at com.utility.configDataProvider.<init>(configDataProvider.java:12)
at com.utility.configDataProvider.<init>(configDataProvider.java:12)
at com.utility.configDataProvider.<init>(configDataProvider.java:12)
at com.utility.configDataProvider.<init>(configDataProvider.java:12)
at com.utility.configDataProvider.<init>(configDataProvider.java:12)
at com.utility.configDataProvider.<init>(configDataProvider.java:12)
at com.utility.configDataProvider.<init>(configDataProvider.java:12)
at com.utility.configDataProvider.<init>(configDataProvider.java:12)
at com.utility.configDataProvider.<init>(configDataProvider.java:12)
at com.utility.configDataProvider.<init>(configDataProvider.java:12)
at com.utility.configDataProvider.<init>(configDataProvider.java:12)
at com.utility.configDataProvider.<init>(configDataProvider.java:12)
at com.utility.configDataProvider.<init>(configDataProvider.java:12)
at com.utility.configDataProvider.<init>(configDataProvider.java:12)
at com.utility.configDataProvider.<init>(configDataProvider.java:12)
at com.utility.configDataProvider.<init>(configDataProvider.java:12)
at com.utility.configDataProvider.<init>(configDataProvider.java:12)
at com.utility.configDataProvider.<init>(configDataProvider.java:12)
at com.utility.configDataProvider.<init>(configDataProvider.java:12)
at com.utility.configDataProvider.<init>(configDataProvider.java:12)
at com.utility.configDataProvider.<init>(configDataProvider.java:12)
at com.utility.configDataProvider.<init>(configDataProvider.java:12)
at com.utility.configDataProvider.<init>(configDataProvider.java:12)
at com.utility.configDataProvider.<init>(configDataProvider.java:12)
at com.utility.configDataProvider.<init>(configDataProvider.java:12)
at com.utility.configDataProvider.<init>(configDataProvider.java:12)
at com.utility.configDataProvider.<init>(configDataProvider.java:12)
at com.utility.configDataProvider.<init>(configDataProvider.java:12)
at com.utility.configDataProvider.<init>(configDataProvider.java:12)
at com.utility.configDataProvider.<init>(configDataProvider.java:12)
at com.utility.configDataProvider.<init>(configDataProvider.java:12)
at com.utility.configDataProvider.<init>(configDataProvider.java:12)
at com.utility.configDataProvider.<init>(configDataProvider.java:12)
at com.utility.configDataProvider.<init>(configDataProvider.java:12)
at com.utility.configDataProvider.<init>(configDataProvider.java:12)
at com.utility.configDataProvider.<init>(configDataProvider.java:12)
at com.utility.configDataProvider.<init>(configDataProvider.java:12)
at com.utility.configDataProvider.<init>(configDataProvider.java:12)
at com.utility.configDataProvider.<init>(configDataProvider.java:12)
at com.utility.configDataProvider.<init>(configDataProvider.java:12)
at com.utility.configDataProvider.<init>(configDataProvider.java:12)
at com.utility.configDataProvider.<init>(configDataProvider.java:12)
at com.utility.configDataProvider.<init>(configDataProvider.java:12)
at com.utility.configDataProvider.<init>(configDataProvider.java:12)
at com.utility.configDataProvider.<init>(configDataProvider.java:12)
at com.utility.configDataProvider.<init>(configDataProvider.java:12)
at com.utility.configDataProvider.<init>(configDataProvider.java:12)
at com.utility.configDataProvider.<init>(configDataProvider.java:12)
at com.utility.configDataProvider.<init>(configDataProvider.java:12)
at com.utility.configDataProvider.<init>(configDataProvider.java:12)
at com.utility.configDataProvider.<init>(configDataProvider.java:12)
at com.utility.configDataProvider.<init>(configDataProvider.java:12)
at com.utility.configDataProvider.<init>(configDataProvider.java:12)
at com.utility.configDataProvider.<init>(configDataProvider.java:12)
at com.utility.configDataProvider.<init>(configDataProvider.java:12)
at com.utility.configDataProvider.<init>(configDataProvider.java:12)
at com.utility.configDataProvider.<init>(configDataProvider.java:12)
at com.utility.configDataProvider.<init>(configDataProvider.java:12)
at com.utility.configDataProvider.<init>(configDataProvider.java:12)
at com.utility.configDataProvider.<init>(configDataProvider.java:12)
at com.utility.configDataProvider.<init>(configDataProvider.java:12)
at com.utility.configDataProvider.<init>(configDataProvider.java:12)
at com.utility.configDataProvider.<init>(configDataProvider.java:12)
at com.utility.configDataProvider.<init>(configDataProvider.java:12)
at com.utility.configDataProvider.<init>(configDataProvider.java:12)
at com.utility.configDataProvider.<init>(configDataProvider.java:12)
at com.utility.configDataProvider.<init>(configDataProvider.java:12)
at com.utility.configDataProvider.<init>(configDataProvider.java:12)
at com.utility.configDataProvider.<init>(configDataProvider.java:12)
at com.utility.configDataProvider.<init>(configDataProvider.java:12)
at com.utility.configDataProvider.<init>(configDataProvider.java:12)
at com.utility.configDataProvider.<init>(configDataProvider.java:12)
at com.utility.configDataProvider.<init>(configDataProvider.java:12)
at com.utility.configDataProvider.<init>(configDataProvider.java:12)
at com.utility.configDataProvider.<init>(configDataProvider.java:12)
at com.utility.configDataProvider.<init>(configDataProvider.java:12)
at com.utility.configDataProvider.<init>(configDataProvider.java:12)
at com.utility.configDataProvider.<init>(configDataProvider.java:12)
at com.utility.configDataProvider.<init>(configDataProvider.java:12)
at com.utility.configDataProvider.<init>(configDataProvider.java:12)
at com.utility.configDataProvider.<init>(configDataProvider.java:12)
at com.utility.configDataProvider.<init>(configDataProvider.java:12)
at com.utility.configDataProvider.<init>(configDataProvider.java:12)
at com.utility.configDataProvider.<init>(configDataProvider.java:12)
at com.utility.configDataProvider.<init>(configDataProvider.java:12)
at com.utility.configDataProvider.<init>(configDataProvider.java:12)
at com.utility.configDataProvider.<init>(configDataProvider.java:12)
at com.utility.configDataProvider.<init>(configDataProvider.java:12)
at com.utility.configDataProvider.<init>(configDataProvider.java:12)
at com.utility.configDataProvider.<init>(configDataProvider.java:12)
at com.utility.configDataProvider.<init>(configDataProvider.java:12)
at com.utility.configDataProvider.<init>(configDataProvider.java:12)
at com.utility.configDataProvider.<init>(configDataProvider.java:12)
at com.utility.configDataProvider.<init>(configDataProvider.java:12)
at com.utility.configDataProvider.<init>(configDataProvider.java:12)
at com.utility.configDataProvider.<init>(configDataProvider.java:12)
at com.utility.configDataProvider.<init>(configDataProvider.java:12)
at com.utility.configDataProvider.<init>(configDataProvider.java:12)
at com.utility.configDataProvider.<init>(configDataProvider.java:12)
at com.utility.configDataProvider.<init>(configDataProvider.java:12)
at com.utility.configDataProvider.<init>(configDataProvider.java:12)
at com.utility.configDataProvider.<init>(configDataProvider.java:12)
at com.utility.configDataProvider.<init>(configDataProvider.java:12)
at com.utility.configDataProvider.<init>(configDataProvider.java:12)
at com.utility.configDataProvider.<init>(configDataProvider.java:12)
at com.utility.configDataProvider.<init>(configDataProvider.java:12)
at com.utility.configDataProvider.<init>(configDataProvider.java:12)
at com.utility.configDataProvider.<init>(configDataProvider.java:12)
at com.utility.configDataProvider.<init>(configDataProvider.java:12)
at com.utility.configDataProvider.<init>(configDataProvider.java:12)
at com.utility.configDataProvider.<init>(configDataProvider.java:12)
at com.utility.configDataProvider.<init>(configDataProvider.java:12)
at com.utility.configDataProvider.<init>(configDataProvider.java:12)
at com.utility.configDataProvider.<init>(configDataProvider.java:12)
at com.utility.configDataProvider.<init>(configDataProvider.java:12)
at com.utility.configDataProvider.<init>(configDataProvider.java:12)
at com.utility.configDataProvider.<init>(configDataProvider.java:12)
at com.utility.configDataProvider.<init>(configDataProvider.java:12)
at com.utility.configDataProvider.<init>(configDataProvider.java:12)
at com.utility.configDataProvider.<init>(configDataProvider.java:12)
at com.utility.configDataProvider.<init>(configDataProvider.java:12)
at com.utility.configDataProvider.<init>(configDataProvider.java:12)
at com.utility.configDataProvider.<init>(configDataProvider.java:12)
at com.utility.configDataProvider.<init>(configDataProvider.java:12)
at com.utility.configDataProvider.<init>(configDataProvider.java:12)
at com.utility.configDataProvider.<init>(configDataProvider.java:12)
at com.utility.configDataProvider.<init>(configDataProvider.java:12)
at com.utility.configDataProvider.<init>(configDataProvider.java:12)
at com.utility.configDataProvider.<init>(configDataProvider.java:12)
at com.utility.configDataProvider.<init>(configDataProvider.java:12)
at com.utility.configDataProvider.<init>(configDataProvider.java:12)
at com.utility.configDataProvider.<init>(configDataProvider.java:12)
at com.utility.configDataProvider.<init>(configDataProvider.java:12)
at com.utility.configDataProvider.<init>(configDataProvider.java:12)
at com.utility.configDataProvider.<init>(configDataProvider.java:12)
at com.utility.configDataProvider.<init>(configDataProvider.java:12)
at com.utility.configDataProvider.<init>(configDataProvider.java:12)
at com.utility.configDataProvider.<init>(configDataProvider.java:12)
at com.utility.configDataProvider.<init>(configDataProvider.java:12)
at com.utility.configDataProvider.<init>(configDataProvider.java:12)
at com.utility.configDataProvider.<init>(configDataProvider.java:12)
at com.utility.configDataProvider.<init>(configDataProvider.java:12)
at com.utility.configDataProvider.<init>(configDataProvider.java:12)
at com.utility.configDataProvider.<init>(configDataProvider.java:12)
at com.utility.configDataProvider.<init>(configDataProvider.java:12)
at com.utility.configDataProvider.<init>(configDataProvider.java:12)
at com.utility.configDataProvider.<init>(configDataProvider.java:12)
at com.utility.configDataProvider.<init>(configDataProvider.java:12)
at com.utility.configDataProvider.<init>(configDataProvider.java:12)
at com.utility.configDataProvider.<init>(configDataProvider.java:12)
at com.utility.configDataProvider.<init>(configDataProvider.java:12)
at com.utility.configDataProvider.<init>(configDataProvider.java:12)
at com.utility.configDataProvider.<init>(configDataProvider.java:12)
at com.utility.configDataProvider.<init>(configDataProvider.java:12)
at com.utility.configDataProvider.<init>(configDataProvider.java:12)
at com.utility.configDataProvider.<init>(configDataProvider.java:12)
at com.utility.configDataProvider.<init>(configDataProvider.java:12)
at com.utility.configDataProvider.<init>(configDataProvider.java:12)
at com.utility.configDataProvider.<init>(configDataProvider.java:12)
at com.utility.configDataProvider.<init>(configDataProvider.java:12)
at com.utility.configDataProvider.<init>(configDataProvider.java:12)
at com.utility.configDataProvider.<init>(configDataProvider.java:12)
at com.utility.configDataProvider.<init>(configDataProvider.java:12)
at com.utility.configDataProvider.<init>(configDataProvider.java:12)
at com.utility.configDataProvider.<init>(configDataProvider.java:12)
at com.utility.configDataProvider.<init>(configDataProvider.java:12)
at com.utility.configDataProvider.<init>(configDataProvider.java:12)
at com.utility.configDataProvider.<init>(configDataProvider.java:12)
at com.utility.configDataProvider.<init>(configDataProvider.java:12)
at com.utility.configDataProvider.<init>(configDataProvider.java:12)
at com.utility.configDataProvider.<init>(configDataProvider.java:12)
at com.utility.configDataProvider.<init>(configDataProvider.java:12)
at com.utility.configDataProvider.<init>(configDataProvider.java:12)
at com.utility.configDataProvider.<init>(configDataProvider.java:12)
at com.utility.configDataProvider.<init>(configDataProvider.java:12)
at com.utility.configDataProvider.<init>(configDataProvider.java:12)
at com.utility.configDataProvider.<init>(configDataProvider.java:12)
at com.utility.configDataProvider.<init>(configDataProvider.java:12)
at com.utility.configDataProvider.<init>(configDataProvider.java:12)
at com.utility.configDataProvider.<init>(configDataProvider.java:12)
at com.utility.configDataProvider.<init>(configDataProvider.java:12)
at com.utility.configDataProvider.<init>(configDataProvider.java:12)
at com.utility.configDataProvider.<init>(configDataProvider.java:12)
at com.utility.configDataProvider.<init>(configDataProvider.java:12)
at com.utility.configDataProvider.<init>(configDataProvider.java:12)
at com.utility.configDataProvider.<init>(configDataProvider.java:12)
at com.utility.configDataProvider.<init>(configDataProvider.java:12)
at com.utility.configDataProvider.<init>(configDataProvider.java:12)
at com.utility.configDataProvider.<init>(configDataProvider.java:12)
at com.utility.configDataProvider.<init>(configDataProvider.java:12)
at com.utility.configDataProvider.<init>(configDataProvider.java:12)
at com.utility.configDataProvider.<init>(configDataProvider.java:12)
at com.utility.configDataProvider.<init>(configDataProvider.java:12)
at com.utility.configDataProvider.<init>(configDataProvider.java:12)
at com.utility.configDataProvider.<init>(configDataProvider.java:12)
at com.utility.configDataProvider.<init>(configDataProvider.java:12)
at com.utility.configDataProvider.<init>(configDataProvider.java:12)
at com.utility.configDataProvider.<init>(configDataProvider.java:12)
at com.utility.configDataProvider.<init>(configDataProvider.java:12)
at com.utility.configDataProvider.<init>(configDataProvider.java:12)
at com.utility.configDataProvider.<init>(configDataProvider.java:12)
at com.utility.configDataProvider.<init>(configDataProvider.java:12)
at com.utility.configDataProvider.<init>(configDataProvider.java:12)
at com.utility.configDataProvider.<init>(configDataProvider.java:12)
at com.utility.configDataProvider.<init>(configDataProvider.java:12)
at com.utility.configDataProvider.<init>(configDataProvider.java:12)
at com.utility.configDataProvider.<init>(configDataProvider.java:12)
at com.utility.configDataProvider.<init>(configDataProvider.java:12)
at com.utility.configDataProvider.<init>(configDataProvider.java:12)
at com.utility.configDataProvider.<init>(configDataProvider.java:12)
at com.utility.configDataProvider.<init>(configDataProvider.java:12)
at com.utility.configDataProvider.<init>(configDataProvider.java:12)
at com.utility.configDataProvider.<init>(configDataProvider.java:12)
at com.utility.configDataProvider.<init>(configDataProvider.java:12)
at com.utility.configDataProvider.<init>(configDataProvider.java:12)
at com.utility.configDataProvider.<init>(configDataProvider.java:12)
at com.utility.configDataProvider.<init>(configDataProvider.java:12)
at com.utility.configDataProvider.<init>(configDataProvider.java:12)
at com.utility.configDataProvider.<init>(configDataProvider.java:12)
at com.utility.configDataProvider.<init>(configDataProvider.java:12)
at com.utility.configDataProvider.<init>(configDataProvider.java:12)
at com.utility.configDataProvider.<init>(configDataProvider.java:12)
at com.utility.configDataProvider.<init>(configDataProvider.java:12)
at com.utility.configDataProvider.<init>(configDataProvider.java:12)
at com.utility.configDataProvider.<init>(configDataProvider.java:12)
at com.utility.configDataProvider.<init>(configDataProvider.java:12)
at com.utility.configDataProvider.<init>(configDataProvider.java:12)
at com.utility.configDataProvider.<init>(configDataProvider.java:12)
at com.utility.configDataProvider.<init>(configDataProvider.java:12)
at com.utility.configDataProvider.<init>(configDataProvider.java:12)
at com.utility.configDataProvider.<init>(configDataProvider.java:12)
at com.utility.configDataProvider.<init>(configDataProvider.java:12)
at com.utility.configDataProvider.<init>(configDataProvider.java:12)
at com.utility.configDataProvider.<init>(configDataProvider.java:12)
at com.utility.configDataProvider.<init>(configDataProvider.java:12)
at com.utility.configDataProvider.<init>(configDataProvider.java:12)
at com.utility.configDataProvider.<init>(configDataProvider.java:12)
at com.utility.configDataProvider.<init>(configDataProvider.java:12)
at com.utility.configDataProvider.<init>(configDataProvider.java:12)
at com.utility.configDataProvider.<init>(configDataProvider.java:12)
at com.utility.configDataProvider.<init>(configDataProvider.java:12)
at com.utility.configDataProvider.<init>(configDataProvider.java:12)
at com.utility.configDataProvider.<init>(configDataProvider.java:12)
at com.utility.configDataProvider.<init>(configDataProvider.java:12)
at com.utility.configDataProvider.<init>(configDataProvider.java:12)
at com.utility.configDataProvider.<init>(configDataProvider.java:12)
at com.utility.configDataProvider.<init>(configDataProvider.java:12)
at com.utility.configDataProvider.<init>(configDataProvider.java:12)
at com.utility.configDataProvider.<init>(configDataProvider.java:12)
at com.utility.configDataProvider.<init>(configDataProvider.java:12)
at com.utility.configDataProvider.<init>(configDataProvider.java:12)
at com.utility.configDataProvider.<init>(configDataProvider.java:12)
at com.utility.configDataProvider.<init>(configDataProvider.java:12)
at com.utility.configDataProvider.<init>(configDataProvider.java:12)
at com.utility.configDataProvider.<init>(configDataProvider.java:12)
at com.utility.configDataProvider.<init>(configDataProvider.java:12)
at com.utility.configDataProvider.<init>(configDataProvider.java:12)
at com.utility.configDataProvider.<init>(configDataProvider.java:12)
at com.utility.configDataProvider.<init>(configDataProvider.java:12)
at com.utility.configDataProvider.<init>(configDataProvider.java:12)
at com.utility.configDataProvider.<init>(configDataProvider.java:12)
at com.utility.configDataProvider.<init>(configDataProvider.java:12)
at com.utility.configDataProvider.<init>(configDataProvider.java:12)
at com.utility.configDataProvider.<init>(configDataProvider.java:12)
at com.utility.configDataProvider.<init>(configDataProvider.java:12)
at com.utility.configDataProvider.<init>(configDataProvider.java:12)
at com.utility.configDataProvider.<init>(configDataProvider.java:12)
at com.utility.configDataProvider.<init>(configDataProvider.java:12)
at com.utility.configDataProvider.<init>(configDataProvider.java:12)
at com.utility.configDataProvider.<init>(configDataProvider.java:12)
]]>
            </full-stacktrace>
          </exception> <!-- java.lang.StackOverflowError -->
          <reporter-output>
          </reporter-output>
        </test-method> <!-- verify_test1 -->
        <test-method is-config="true" signature="teardown()[pri:0, instance:com.test.test1@293a5bf6]" started-at="2022-10-09T12:46:47 IST" name="teardown" finished-at="1970-01-01T05:30:00 IST" duration-ms="-1665299807333" status="SKIP">
          <reporter-output>
          </reporter-output>
        </test-method> <!-- teardown -->
      </class> <!-- com.test.test1 -->
    </test> <!-- Test -->
  </suite> <!-- Suite -->
</testng-results>
